<?xml version="1.0" encoding="UTF-8"?>
<!-- Generated by org.testng.reporters.JUnitReportReporter -->
<testsuite hostname="MCKL-7604-T" failures="0" tests="21" name="testNgWithSocial.TC_3_THREE_INTEGRATED" time="479.660" errors="0" timestamp="2023-11-23T18:07:16 IST" skipped="0">
  <testcase classname="testNgWithSocial.TC_3_THREE_INTEGRATED" name="IntegratedFirstAirtime" time="23.260"/>
  <system-out/>
  <testcase classname="testNgWithSocial.TC_3_THREE_INTEGRATED" name="IntegratedFirstMpesaUSD" time="27.815"/>
  <system-out/>
  <testcase classname="testNgWithSocial.TC_3_THREE_INTEGRATED" name="IntegratedFirstMpesaCDF" time="27.814"/>
  <system-out/>
  <testcase classname="testNgWithSocial.TC_3_THREE_INTEGRATED" name="IntegratedSecondAirtime" time="23.427"/>
  <system-out/>
  <testcase classname="testNgWithSocial.TC_3_THREE_INTEGRATED" name="IntegratedSecondMpesaUSD" time="27.906"/>
  <system-out/>
  <testcase classname="testNgWithSocial.TC_3_THREE_INTEGRATED" name="IntegratedSecondMpesaCDF" time="27.859"/>
  <system-out/>
  <testcase classname="testNgWithSocial.TC_3_THREE_INTEGRATED" name="IntegratedThirdAirtime" time="23.230"/>
  <system-out/>
  <testcase classname="testNgWithSocial.TC_3_THREE_INTEGRATED" name="IntegratedThirdMpesaUSD" time="27.792"/>
  <system-out/>
  <testcase classname="testNgWithSocial.TC_3_THREE_INTEGRATED" name="IntegratedThirdMpesaCDF" time="27.753"/>
  <system-out/>
  <testcase classname="testNgWithSocial.TC_3_THREE_INTEGRATED" name="IntegratedInvalidFour" time="18.712"/>
  <system-out/>
  <testcase classname="testNgWithSocial.TC_3_THREE_INTEGRATED" name="IntegratedInvalidFive" time="18.703"/>
  <system-out/>
  <testcase classname="testNgWithSocial.TC_3_THREE_INTEGRATED" name="IntegratedInvalidSix" time="18.668"/>
  <system-out/>
  <testcase classname="testNgWithSocial.TC_3_THREE_INTEGRATED" name="IntegratedInvalidSeven" time="18.730"/>
  <system-out/>
  <testcase classname="testNgWithSocial.TC_3_THREE_INTEGRATED" name="IntegratedInvalidEighth" time="18.716"/>
  <system-out/>
  <testcase classname="testNgWithSocial.TC_3_THREE_INTEGRATED" name="IntegratedInvalidHash" time="18.706"/>
  <system-out/>
  <testcase classname="testNgWithSocial.TC_3_THREE_INTEGRATED" name="IntegratedInvalidAsterisk" time="18.706"/>
  <system-out/>
  <testcase classname="testNgWithSocial.TC_3_THREE_INTEGRATED" name="IntegratedInvalidZero" time="18.693"/>
  <system-out/>
  <testcase classname="testNgWithSocial.TC_3_THREE_INTEGRATED" name="IntegratedInvalidPaymentThree" time="23.221"/>
  <system-out/>
  <testcase classname="testNgWithSocial.TC_3_THREE_INTEGRATED" name="IntegratedInvalidPaymentZero" time="23.313"/>
  <system-out/>
  <testcase classname="testNgWithSocial.TC_3_THREE_INTEGRATED" name="IntegratedInvalidPaymentHash" time="23.398"/>
  <system-out/>
  <testcase classname="testNgWithSocial.TC_3_THREE_INTEGRATED" name="IntegratedInvalidPaymentAsterisk" time="23.238"/>
  <system-out/>
</testsuite> <!-- testNgWithSocial.TC_3_THREE_INTEGRATED -->
