<?xml version="1.0" encoding="UTF-8"?>
<!-- Generated by org.testng.reporters.JUnitReportReporter -->
<testsuite hostname="MCKL-7604-T" failures="0" tests="18" name="testNgWithoutSocial.TC_0_NEW_CUSTOMER_MORNING_OFFER" time="243.236" errors="0" timestamp="2023-11-27T16:26:54 IST" skipped="0">
  <testcase classname="testNgWithoutSocial.TC_0_NEW_CUSTOMER_MORNING_OFFER" name="NewCustomerVoice" time="10.341"/>
  <system-out/>
  <testcase classname="testNgWithoutSocial.TC_0_NEW_CUSTOMER_MORNING_OFFER" name="NewCustomerData" time="10.417"/>
  <system-out/>
  <testcase classname="testNgWithoutSocial.TC_0_NEW_CUSTOMER_MORNING_OFFER" name="NewCustomerIntegrated" time="10.253"/>
  <system-out/>
  <testcase classname="testNgWithoutSocial.TC_0_NEW_CUSTOMER_MORNING_OFFER" name="NewCustomerHourly" time="10.445"/>
  <system-out/>
  <testcase classname="testNgWithoutSocial.TC_0_NEW_CUSTOMER_MORNING_OFFER" name="NewCustomerTownOffer" time="19.938"/>
  <system-out/>
  <testcase classname="testNgWithoutSocial.TC_0_NEW_CUSTOMER_MORNING_OFFER" name="NewCustomerMyrewards" time="10.362"/>
  <system-out/>
  <testcase classname="testNgWithoutSocial.TC_0_NEW_CUSTOMER_MORNING_OFFER" name="MorningThreeInvalid4" time="15.045"/>
  <system-out/>
  <testcase classname="testNgWithoutSocial.TC_0_NEW_CUSTOMER_MORNING_OFFER" name="MorningThreeInvalid5" time="15.047"/>
  <system-out/>
  <testcase classname="testNgWithoutSocial.TC_0_NEW_CUSTOMER_MORNING_OFFER" name="MorningThreeInvalidHash" time="15.867"/>
  <system-out/>
  <testcase classname="testNgWithoutSocial.TC_0_NEW_CUSTOMER_MORNING_OFFER" name="MorningThreeInvalidAsterisk" time="14.848"/>
  <system-out/>
  <testcase classname="testNgWithoutSocial.TC_0_NEW_CUSTOMER_MORNING_OFFER" name="MorningThreeInvalidZero" time="14.840"/>
  <system-out/>
  <testcase classname="testNgWithoutSocial.TC_0_NEW_CUSTOMER_MORNING_OFFER" name="MorningThreeValidActivation" time="14.949"/>
  <system-out/>
  <testcase classname="testNgWithoutSocial.TC_0_NEW_CUSTOMER_MORNING_OFFER" name="MorningTwoInvalidThree" time="15.041"/>
  <system-out/>
  <testcase classname="testNgWithoutSocial.TC_0_NEW_CUSTOMER_MORNING_OFFER" name="MorningTwoValidActivation" time="14.957"/>
  <system-out/>
  <testcase classname="testNgWithoutSocial.TC_0_NEW_CUSTOMER_MORNING_OFFER" name="MorningOneInvalidTwo" time="14.953"/>
  <system-out/>
  <testcase classname="testNgWithoutSocial.TC_0_NEW_CUSTOMER_MORNING_OFFER" name="MorningOneValidActivation" time="15.150"/>
  <system-out/>
  <testcase classname="testNgWithoutSocial.TC_0_NEW_CUSTOMER_MORNING_OFFER" name="MorningNoOfferMessage" time="10.342"/>
  <system-out/>
  <testcase classname="testNgWithoutSocial.TC_0_NEW_CUSTOMER_MORNING_OFFER" name="MorningNoOfferMessage1" time="10.441"/>
  <system-out/>
</testsuite> <!-- testNgWithoutSocial.TC_0_NEW_CUSTOMER_MORNING_OFFER -->
