<?xml version="1.0" encoding="UTF-8"?>
<!-- Generated by org.testng.reporters.JUnitReportReporter -->
<testsuite hostname="MCKL-7604-T" failures="0" tests="13" name="testNgWithoutSocial.TC_6_2_PLAY_EVERY_DAY_WITHOUT_PAGINATION" time="337.726" errors="0" timestamp="2023-11-23T21:54:50 IST" skipped="0">
  <testcase classname="testNgWithoutSocial.TC_6_2_PLAY_EVERY_DAY_WITHOUT_PAGINATION" name="PlayEveryDayAvailablePlay" time="20.082"/>
  <system-out/>
  <testcase classname="testNgWithoutSocial.TC_6_2_PLAY_EVERY_DAY_WITHOUT_PAGINATION" name="PlayEveryDayPLAY" time="24.522"/>
  <system-out/>
  <testcase classname="testNgWithoutSocial.TC_6_2_PLAY_EVERY_DAY_WITHOUT_PAGINATION" name="PlayEveryDayPLAYProper" time="26.009"/>
  <system-out/>
  <testcase classname="testNgWithoutSocial.TC_6_2_PLAY_EVERY_DAY_WITHOUT_PAGINATION" name="PlayEveryDayPLAYProperOne" time="25.286"/>
  <system-out/>
  <testcase classname="testNgWithoutSocial.TC_6_2_PLAY_EVERY_DAY_WITHOUT_PAGINATION" name="PlayEveryDayPLAYProperTwo" time="25.698"/>
  <system-out/>
  <testcase classname="testNgWithoutSocial.TC_6_2_PLAY_EVERY_DAY_WITHOUT_PAGINATION" name="PlayEveryDayBackAvailablePlay" time="31.331"/>
  <system-out/>
  <testcase classname="testNgWithoutSocial.TC_6_2_PLAY_EVERY_DAY_WITHOUT_PAGINATION" name="PlayEveryDayBackPLAY" time="29.998"/>
  <system-out/>
  <testcase classname="testNgWithoutSocial.TC_6_2_PLAY_EVERY_DAY_WITHOUT_PAGINATION" name="PlayEveryDayBackPrizeHistory" time="30.208"/>
  <system-out/>
  <testcase classname="testNgWithoutSocial.TC_6_2_PLAY_EVERY_DAY_WITHOUT_PAGINATION" name="PlayEveryDayBack" time="30.252"/>
  <system-out/>
  <testcase classname="testNgWithoutSocial.TC_6_2_PLAY_EVERY_DAY_WITHOUT_PAGINATION" name="PlayEveryDayBackOneStep" time="25.848"/>
  <system-out/>
  <testcase classname="testNgWithoutSocial.TC_6_2_PLAY_EVERY_DAY_WITHOUT_PAGINATION" name="PlayEveryDayWonHistory" time="21.501"/>
  <system-out/>
  <testcase classname="testNgWithoutSocial.TC_6_2_PLAY_EVERY_DAY_WITHOUT_PAGINATION" name="PlayEveryDayInvalid" time="26.211"/>
  <system-out/>
  <testcase classname="testNgWithoutSocial.TC_6_2_PLAY_EVERY_DAY_WITHOUT_PAGINATION" name="PlayEveryDayInvalidFour" time="20.780"/>
  <system-out/>
</testsuite> <!-- testNgWithoutSocial.TC_6_2_PLAY_EVERY_DAY_WITHOUT_PAGINATION -->
