<?xml version="1.0" encoding="UTF-8"?>
<!-- Generated by org.testng.reporters.JUnitReportReporter -->
<testsuite hostname="MCKL-7604-T" failures="0" tests="21" name="testNgWithSocial.TC_6_SIX_SOCIAL_THREE_OFFER_WITH_PAGINATION" time="596.264" errors="0" timestamp="2023-11-22T18:21:03 IST" skipped="0">
  <testcase classname="testNgWithSocial.TC_6_SIX_SOCIAL_THREE_OFFER_WITH_PAGINATION" name="SocialFirstAirtime" time="28.393"/>
  <system-out/>
  <testcase classname="testNgWithSocial.TC_6_SIX_SOCIAL_THREE_OFFER_WITH_PAGINATION" name="SocialFirstMpesaUSD" time="33.008"/>
  <system-out/>
  <testcase classname="testNgWithSocial.TC_6_SIX_SOCIAL_THREE_OFFER_WITH_PAGINATION" name="SocialFirstMpesaCDF" time="33.583"/>
  <system-out/>
  <testcase classname="testNgWithSocial.TC_6_SIX_SOCIAL_THREE_OFFER_WITH_PAGINATION" name="SocialSecondAirtime" time="29.690"/>
  <system-out/>
  <testcase classname="testNgWithSocial.TC_6_SIX_SOCIAL_THREE_OFFER_WITH_PAGINATION" name="SocialSecondMpesaUSD" time="33.403"/>
  <system-out/>
  <testcase classname="testNgWithSocial.TC_6_SIX_SOCIAL_THREE_OFFER_WITH_PAGINATION" name="SocialSecondMpesaCDF" time="33.218"/>
  <system-out/>
  <testcase classname="testNgWithSocial.TC_6_SIX_SOCIAL_THREE_OFFER_WITH_PAGINATION" name="SocialThirdAirtime" time="28.495"/>
  <system-out/>
  <testcase classname="testNgWithSocial.TC_6_SIX_SOCIAL_THREE_OFFER_WITH_PAGINATION" name="SocialThirdMpesaUSD" time="33.043"/>
  <system-out/>
  <testcase classname="testNgWithSocial.TC_6_SIX_SOCIAL_THREE_OFFER_WITH_PAGINATION" name="SocialThirdMpesaCDF" time="33.202"/>
  <system-out/>
  <testcase classname="testNgWithSocial.TC_6_SIX_SOCIAL_THREE_OFFER_WITH_PAGINATION" name="SocialThreeInvalidFour" time="23.961"/>
  <system-out/>
  <testcase classname="testNgWithSocial.TC_6_SIX_SOCIAL_THREE_OFFER_WITH_PAGINATION" name="SocialThreeInvalidFive" time="26.006"/>
  <system-out/>
  <testcase classname="testNgWithSocial.TC_6_SIX_SOCIAL_THREE_OFFER_WITH_PAGINATION" name="SocialThreeInvalidSix" time="23.946"/>
  <system-out/>
  <testcase classname="testNgWithSocial.TC_6_SIX_SOCIAL_THREE_OFFER_WITH_PAGINATION" name="SocialThreeInvalidSeven" time="23.552"/>
  <system-out/>
  <testcase classname="testNgWithSocial.TC_6_SIX_SOCIAL_THREE_OFFER_WITH_PAGINATION" name="SocialThreeInvalidEighth" time="25.806"/>
  <system-out/>
  <testcase classname="testNgWithSocial.TC_6_SIX_SOCIAL_THREE_OFFER_WITH_PAGINATION" name="SocialThreeInvalidHash" time="24.381"/>
  <system-out/>
  <testcase classname="testNgWithSocial.TC_6_SIX_SOCIAL_THREE_OFFER_WITH_PAGINATION" name="SocialThreeInvalidAsterisk" time="23.843"/>
  <system-out/>
  <testcase classname="testNgWithSocial.TC_6_SIX_SOCIAL_THREE_OFFER_WITH_PAGINATION" name="SocialThreeInvalidZero" time="24.676"/>
  <system-out/>
  <testcase classname="testNgWithSocial.TC_6_SIX_SOCIAL_THREE_OFFER_WITH_PAGINATION" name="SocialThreeInvalidPaymentThree" time="28.437"/>
  <system-out/>
  <testcase classname="testNgWithSocial.TC_6_SIX_SOCIAL_THREE_OFFER_WITH_PAGINATION" name="SocialThreeInvalidPaymentZero" time="28.556"/>
  <system-out/>
  <testcase classname="testNgWithSocial.TC_6_SIX_SOCIAL_THREE_OFFER_WITH_PAGINATION" name="SocialThreeInvalidPaymentHash" time="28.288"/>
  <system-out/>
  <testcase classname="testNgWithSocial.TC_6_SIX_SOCIAL_THREE_OFFER_WITH_PAGINATION" name="SocialThreeInvalidPaymentAsterisk" time="28.777"/>
  <system-out/>
</testsuite> <!-- testNgWithSocial.TC_6_SIX_SOCIAL_THREE_OFFER_WITH_PAGINATION -->
