<?xml version="1.0" encoding="UTF-8"?>
<!-- Generated by org.testng.reporters.JUnitReportReporter -->
<testsuite hostname="MCKL-7604-T" failures="0" tests="2" name="testNGAutomation.dummy" time="49.459" errors="0" timestamp="2023-11-20T22:54:42 IST" skipped="0">
  <testcase classname="testNGAutomation.dummy" name="One" time="24.709"/>
  <system-out/>
  <testcase classname="testNGAutomation.dummy" name="Two" time="24.750"/>
  <system-out/>
</testsuite> <!-- testNGAutomation.dummy -->
