<?xml version="1.0" encoding="UTF-8"?>
<!-- Generated by org.testng.reporters.JUnitReportReporter -->
<testsuite hostname="MCKL-7604-T" failures="0" tests="21" name="testNgWithSocial.TC_1_ONE_VOICE" time="482.463" errors="0" timestamp="2023-11-23T17:24:38 IST" skipped="0">
  <testcase classname="testNgWithSocial.TC_1_ONE_VOICE" name="VoiceFirstAirtime" time="23.503"/>
  <system-out/>
  <testcase classname="testNgWithSocial.TC_1_ONE_VOICE" name="VoiceFirstMpesaUSD" time="28.242"/>
  <system-out/>
  <testcase classname="testNgWithSocial.TC_1_ONE_VOICE" name="VoiceFirstMpesaCDF" time="28.245"/>
  <system-out/>
  <testcase classname="testNgWithSocial.TC_1_ONE_VOICE" name="VoiceSecondAirtime" time="23.458"/>
  <system-out/>
  <testcase classname="testNgWithSocial.TC_1_ONE_VOICE" name="VoiceSecondMpesaUSD" time="28.006"/>
  <system-out/>
  <testcase classname="testNgWithSocial.TC_1_ONE_VOICE" name="VoiceSecondMpesaCDF" time="28.372"/>
  <system-out/>
  <testcase classname="testNgWithSocial.TC_1_ONE_VOICE" name="VoiceThirdAirtime" time="23.436"/>
  <system-out/>
  <testcase classname="testNgWithSocial.TC_1_ONE_VOICE" name="VoiceThirdMpesaUSD" time="27.879"/>
  <system-out/>
  <testcase classname="testNgWithSocial.TC_1_ONE_VOICE" name="VoiceThirdMpesaCDF" time="27.868"/>
  <system-out/>
  <testcase classname="testNgWithSocial.TC_1_ONE_VOICE" name="VoiceInvalidFour" time="18.699"/>
  <system-out/>
  <testcase classname="testNgWithSocial.TC_1_ONE_VOICE" name="VoiceInvalidFive" time="18.718"/>
  <system-out/>
  <testcase classname="testNgWithSocial.TC_1_ONE_VOICE" name="VoiceInvalidSix" time="18.828"/>
  <system-out/>
  <testcase classname="testNgWithSocial.TC_1_ONE_VOICE" name="VoiceInvalidSeven" time="18.693"/>
  <system-out/>
  <testcase classname="testNgWithSocial.TC_1_ONE_VOICE" name="VoiceInvalidEighth" time="18.863"/>
  <system-out/>
  <testcase classname="testNgWithSocial.TC_1_ONE_VOICE" name="VoiceInvalidHash" time="19.076"/>
  <system-out/>
  <testcase classname="testNgWithSocial.TC_1_ONE_VOICE" name="VoiceInvalidAsterisk" time="18.746"/>
  <system-out/>
  <testcase classname="testNgWithSocial.TC_1_ONE_VOICE" name="VoiceInvalidZero" time="18.695"/>
  <system-out/>
  <testcase classname="testNgWithSocial.TC_1_ONE_VOICE" name="VoiceInvalidPaymentThree" time="23.291"/>
  <system-out/>
  <testcase classname="testNgWithSocial.TC_1_ONE_VOICE" name="VoiceInvalidPaymentZero" time="23.270"/>
  <system-out/>
  <testcase classname="testNgWithSocial.TC_1_ONE_VOICE" name="VoiceInvalidPaymentHash" time="23.268"/>
  <system-out/>
  <testcase classname="testNgWithSocial.TC_1_ONE_VOICE" name="VoiceInvalidPaymentAsterisk" time="23.307"/>
  <system-out/>
</testsuite> <!-- testNgWithSocial.TC_1_ONE_VOICE -->
