<?xml version="1.0" encoding="UTF-8"?>
<!-- Generated by org.testng.reporters.JUnitReportReporter -->
<testsuite hostname="MCKL-7604-T" failures="0" tests="18" name="testNgWithSocial.TC_5_3_J4U_TOWN_THREE_OFFERS" time="419.308" errors="0" timestamp="2023-11-22T14:11:24 IST" skipped="0">
  <testcase classname="testNgWithSocial.TC_5_3_J4U_TOWN_THREE_OFFERS" name="One" time="23.649"/>
  <system-out/>
  <testcase classname="testNgWithSocial.TC_5_3_J4U_TOWN_THREE_OFFERS" name="Two" time="28.353"/>
  <system-out/>
  <testcase classname="testNgWithSocial.TC_5_3_J4U_TOWN_THREE_OFFERS" name="Three" time="28.112"/>
  <system-out/>
  <testcase classname="testNgWithSocial.TC_5_3_J4U_TOWN_THREE_OFFERS" name="Fourteen" time="23.898"/>
  <system-out/>
  <testcase classname="testNgWithSocial.TC_5_3_J4U_TOWN_THREE_OFFERS" name="Fifteen" time="28.323"/>
  <system-out/>
  <testcase classname="testNgWithSocial.TC_5_3_J4U_TOWN_THREE_OFFERS" name="Sixteen" time="28.167"/>
  <system-out/>
  <testcase classname="testNgWithSocial.TC_5_3_J4U_TOWN_THREE_OFFERS" name="OneOne" time="23.448"/>
  <system-out/>
  <testcase classname="testNgWithSocial.TC_5_3_J4U_TOWN_THREE_OFFERS" name="TwoTwo" time="31.495"/>
  <system-out/>
  <testcase classname="testNgWithSocial.TC_5_3_J4U_TOWN_THREE_OFFERS" name="ThreeThree" time="28.217"/>
  <system-out/>
  <testcase classname="testNgWithSocial.TC_5_3_J4U_TOWN_THREE_OFFERS" name="Four" time="19.067"/>
  <system-out/>
  <testcase classname="testNgWithSocial.TC_5_3_J4U_TOWN_THREE_OFFERS" name="Seven" time="18.926"/>
  <system-out/>
  <testcase classname="testNgWithSocial.TC_5_3_J4U_TOWN_THREE_OFFERS" name="Eight" time="18.921"/>
  <system-out/>
  <testcase classname="testNgWithSocial.TC_5_3_J4U_TOWN_THREE_OFFERS" name="Nine" time="18.717"/>
  <system-out/>
  <testcase classname="testNgWithSocial.TC_5_3_J4U_TOWN_THREE_OFFERS" name="Ten" time="19.211"/>
  <system-out/>
  <testcase classname="testNgWithSocial.TC_5_3_J4U_TOWN_THREE_OFFERS" name="Eleven" time="18.963"/>
  <system-out/>
  <testcase classname="testNgWithSocial.TC_5_3_J4U_TOWN_THREE_OFFERS" name="Twelve" time="19.132"/>
  <system-out/>
  <testcase classname="testNgWithSocial.TC_5_3_J4U_TOWN_THREE_OFFERS" name="Thirteen" time="19.029"/>
  <system-out/>
  <testcase classname="testNgWithSocial.TC_5_3_J4U_TOWN_THREE_OFFERS" name="PaymentInvalid" time="23.680"/>
  <system-out/>
</testsuite> <!-- testNgWithSocial.TC_5_3_J4U_TOWN_THREE_OFFERS -->
