<?xml version="1.0" encoding="UTF-8"?>
<!-- Generated by org.testng.reporters.JUnitReportReporter -->
<testsuite hostname="MCKL-7604-T" failures="0" tests="8" name="testNgWithoutSocial.TC_6_1_MY_REWARDS_RAG_WITHOUT_PAGINATION" time="166.337" errors="0" timestamp="2023-11-23T21:24:06 IST" skipped="0">
  <testcase classname="testNgWithoutSocial.TC_6_1_MY_REWARDS_RAG_WITHOUT_PAGINATION" name="RAGOfferInfo" time="25.684"/>
  <system-out/>
  <testcase classname="testNgWithoutSocial.TC_6_1_MY_REWARDS_RAG_WITHOUT_PAGINATION" name="RAGOfferOptOut" time="20.673"/>
  <system-out/>
  <testcase classname="testNgWithoutSocial.TC_6_1_MY_REWARDS_RAG_WITHOUT_PAGINATION" name="RAGInvalidSelectionThree" time="20.388"/>
  <system-out/>
  <testcase classname="testNgWithoutSocial.TC_6_1_MY_REWARDS_RAG_WITHOUT_PAGINATION" name="RAGInvalidSelectionFour" time="21.580"/>
  <system-out/>
  <testcase classname="testNgWithoutSocial.TC_6_1_MY_REWARDS_RAG_WITHOUT_PAGINATION" name="RAGInvalidSelectionFive" time="20.618"/>
  <system-out/>
  <testcase classname="testNgWithoutSocial.TC_6_1_MY_REWARDS_RAG_WITHOUT_PAGINATION" name="RAGInvalidSelectionHash" time="16.034"/>
  <system-out/>
  <testcase classname="testNgWithoutSocial.TC_6_1_MY_REWARDS_RAG_WITHOUT_PAGINATION" name="RAGInvalidSelectionAsterisk" time="20.473"/>
  <system-out/>
  <testcase classname="testNgWithoutSocial.TC_6_1_MY_REWARDS_RAG_WITHOUT_PAGINATION" name="RAGInvalidSelectionZero" time="20.887"/>
  <system-out/>
</testsuite> <!-- testNgWithoutSocial.TC_6_1_MY_REWARDS_RAG_WITHOUT_PAGINATION -->
