<?xml version="1.0" encoding="UTF-8"?>
<!-- Generated by org.testng.reporters.JUnitReportReporter -->
<testsuite hostname="MCKL-7604-T" failures="0" tests="21" name="testNgWithSocial.TC_2_TWO_DATA" time="490.171" errors="0" timestamp="2023-11-23T14:44:20 IST" skipped="0">
  <testcase classname="testNgWithSocial.TC_2_TWO_DATA" name="DataFirstAirtime" time="23.465"/>
  <system-out/>
  <testcase classname="testNgWithSocial.TC_2_TWO_DATA" name="DataFirstMpesaUSD" time="27.961"/>
  <system-out/>
  <testcase classname="testNgWithSocial.TC_2_TWO_DATA" name="DataFirstMpesaCDF" time="28.245"/>
  <system-out/>
  <testcase classname="testNgWithSocial.TC_2_TWO_DATA" name="DataSecondAirtime" time="23.287"/>
  <system-out/>
  <testcase classname="testNgWithSocial.TC_2_TWO_DATA" name="DataSecondMpesaUSD" time="27.844"/>
  <system-out/>
  <testcase classname="testNgWithSocial.TC_2_TWO_DATA" name="DataSecondMpesaCDF" time="28.050"/>
  <system-out/>
  <testcase classname="testNgWithSocial.TC_2_TWO_DATA" name="DataThirdAirtime" time="26.064"/>
  <system-out/>
  <testcase classname="testNgWithSocial.TC_2_TWO_DATA" name="DataThirdMpesaUSD" time="27.888"/>
  <system-out/>
  <testcase classname="testNgWithSocial.TC_2_TWO_DATA" name="DataThirdMpesaCDF" time="28.043"/>
  <system-out/>
  <testcase classname="testNgWithSocial.TC_2_TWO_DATA" name="DataInvalidFour" time="18.881"/>
  <system-out/>
  <testcase classname="testNgWithSocial.TC_2_TWO_DATA" name="DataInvalidFive" time="18.917"/>
  <system-out/>
  <testcase classname="testNgWithSocial.TC_2_TWO_DATA" name="DataInvalidSix" time="18.847"/>
  <system-out/>
  <testcase classname="testNgWithSocial.TC_2_TWO_DATA" name="DataInvalidSeven" time="23.779"/>
  <system-out/>
  <testcase classname="testNgWithSocial.TC_2_TWO_DATA" name="DataInvalidEighth" time="18.847"/>
  <system-out/>
  <testcase classname="testNgWithSocial.TC_2_TWO_DATA" name="DataInvalidHash" time="18.731"/>
  <system-out/>
  <testcase classname="testNgWithSocial.TC_2_TWO_DATA" name="DataInvalidAsterisk" time="18.731"/>
  <system-out/>
  <testcase classname="testNgWithSocial.TC_2_TWO_DATA" name="DataInvalidZero" time="18.704"/>
  <system-out/>
  <testcase classname="testNgWithSocial.TC_2_TWO_DATA" name="DataInvalidPaymentThree" time="23.383"/>
  <system-out/>
  <testcase classname="testNgWithSocial.TC_2_TWO_DATA" name="DataInvalidPaymentZero" time="23.568"/>
  <system-out/>
  <testcase classname="testNgWithSocial.TC_2_TWO_DATA" name="DataInvalidPaymentHash" time="23.560"/>
  <system-out/>
  <testcase classname="testNgWithSocial.TC_2_TWO_DATA" name="DataInvalidPaymentAsterisk" time="23.376"/>
  <system-out/>
</testsuite> <!-- testNgWithSocial.TC_2_TWO_DATA -->
