<?xml version="1.0" encoding="UTF-8"?>
<!-- Generated by org.testng.reporters.JUnitReportReporter -->
<testsuite hostname="MCKL-7604-T" failures="0" tests="21" name="testNGAutomation.TC_J4U_TOWN_OFFER_ONLY_FOUR_OFFERS" time="529.047" errors="0" timestamp="2023-11-20T23:20:06 IST" skipped="0">
  <testcase classname="testNGAutomation.TC_J4U_TOWN_OFFER_ONLY_FOUR_OFFERS" name="One" time="25.362"/>
  <system-out/>
  <testcase classname="testNGAutomation.TC_J4U_TOWN_OFFER_ONLY_FOUR_OFFERS" name="Two" time="29.982"/>
  <system-out/>
  <testcase classname="testNGAutomation.TC_J4U_TOWN_OFFER_ONLY_FOUR_OFFERS" name="Three" time="29.174"/>
  <system-out/>
  <testcase classname="testNGAutomation.TC_J4U_TOWN_OFFER_ONLY_FOUR_OFFERS" name="Fourteen" time="24.773"/>
  <system-out/>
  <testcase classname="testNGAutomation.TC_J4U_TOWN_OFFER_ONLY_FOUR_OFFERS" name="Fifteen" time="31.737"/>
  <system-out/>
  <testcase classname="testNGAutomation.TC_J4U_TOWN_OFFER_ONLY_FOUR_OFFERS" name="Sixteen" time="32.355"/>
  <system-out/>
  <testcase classname="testNGAutomation.TC_J4U_TOWN_OFFER_ONLY_FOUR_OFFERS" name="OneOne" time="24.161"/>
  <system-out/>
  <testcase classname="testNGAutomation.TC_J4U_TOWN_OFFER_ONLY_FOUR_OFFERS" name="TwoTwo" time="29.443"/>
  <system-out/>
  <testcase classname="testNGAutomation.TC_J4U_TOWN_OFFER_ONLY_FOUR_OFFERS" name="ThreeThree" time="29.937"/>
  <system-out/>
  <testcase classname="testNGAutomation.TC_J4U_TOWN_OFFER_ONLY_FOUR_OFFERS" name="FiveFourOne" time="24.056"/>
  <system-out/>
  <testcase classname="testNGAutomation.TC_J4U_TOWN_OFFER_ONLY_FOUR_OFFERS" name="FiveFour" time="29.131"/>
  <system-out/>
  <testcase classname="testNGAutomation.TC_J4U_TOWN_OFFER_ONLY_FOUR_OFFERS" name="FiveFourTwo" time="29.130"/>
  <system-out/>
  <testcase classname="testNGAutomation.TC_J4U_TOWN_OFFER_ONLY_FOUR_OFFERS" name="Four" time="25.184"/>
  <system-out/>
  <testcase classname="testNGAutomation.TC_J4U_TOWN_OFFER_ONLY_FOUR_OFFERS" name="Seven" time="20.270"/>
  <system-out/>
  <testcase classname="testNGAutomation.TC_J4U_TOWN_OFFER_ONLY_FOUR_OFFERS" name="Eight" time="19.655"/>
  <system-out/>
  <testcase classname="testNGAutomation.TC_J4U_TOWN_OFFER_ONLY_FOUR_OFFERS" name="Nine" time="20.071"/>
  <system-out/>
  <testcase classname="testNGAutomation.TC_J4U_TOWN_OFFER_ONLY_FOUR_OFFERS" name="Ten" time="19.496"/>
  <system-out/>
  <testcase classname="testNGAutomation.TC_J4U_TOWN_OFFER_ONLY_FOUR_OFFERS" name="Eleven" time="19.491"/>
  <system-out/>
  <testcase classname="testNGAutomation.TC_J4U_TOWN_OFFER_ONLY_FOUR_OFFERS" name="Twelve" time="20.599"/>
  <system-out/>
  <testcase classname="testNGAutomation.TC_J4U_TOWN_OFFER_ONLY_FOUR_OFFERS" name="Thirteen" time="20.060"/>
  <system-out/>
  <testcase classname="testNGAutomation.TC_J4U_TOWN_OFFER_ONLY_FOUR_OFFERS" name="PaymentInvalid" time="24.980"/>
  <system-out/>
</testsuite> <!-- testNGAutomation.TC_J4U_TOWN_OFFER_ONLY_FOUR_OFFERS -->
