<?xml version="1.0" encoding="UTF-8"?>
<!-- Generated by org.testng.reporters.JUnitReportReporter -->
<testsuite hostname="MCKL-7604-T" failures="0" tests="8" name="testNgWithSocial.TC_7_1_MY_REWARDS_RAG_WITH_PAGINATION" time="203.036" errors="0" timestamp="2023-11-23T23:36:49 IST" skipped="0">
  <testcase classname="testNgWithSocial.TC_7_1_MY_REWARDS_RAG_WITH_PAGINATION" name="RAGOfferInfo" time="29.021"/>
  <system-out/>
  <testcase classname="testNgWithSocial.TC_7_1_MY_REWARDS_RAG_WITH_PAGINATION" name="RAGOfferOptOut" time="25.830"/>
  <system-out/>
  <testcase classname="testNgWithSocial.TC_7_1_MY_REWARDS_RAG_WITH_PAGINATION" name="RAGInvalidSelectionThree" time="24.161"/>
  <system-out/>
  <testcase classname="testNgWithSocial.TC_7_1_MY_REWARDS_RAG_WITH_PAGINATION" name="RAGInvalidSelectionFour" time="24.100"/>
  <system-out/>
  <testcase classname="testNgWithSocial.TC_7_1_MY_REWARDS_RAG_WITH_PAGINATION" name="RAGInvalidSelectionFive" time="24.197"/>
  <system-out/>
  <testcase classname="testNgWithSocial.TC_7_1_MY_REWARDS_RAG_WITH_PAGINATION" name="RAGInvalidSelectionHash" time="24.266"/>
  <system-out/>
  <testcase classname="testNgWithSocial.TC_7_1_MY_REWARDS_RAG_WITH_PAGINATION" name="RAGInvalidSelectionAsterisk" time="27.313"/>
  <system-out/>
  <testcase classname="testNgWithSocial.TC_7_1_MY_REWARDS_RAG_WITH_PAGINATION" name="RAGInvalidSelectionZero" time="24.148"/>
  <system-out/>
</testsuite> <!-- testNgWithSocial.TC_7_1_MY_REWARDS_RAG_WITH_PAGINATION -->
