<?xml version="1.0" encoding="UTF-8"?>
<!-- Generated by org.testng.reporters.JUnitReportReporter -->
<testsuite hostname="MCKL-7604-T" failures="0" tests="7" name="testNgWithoutSocial.TC_6_3_MY_REWARDS_SAG_WITHOUT_PAGINATION" time="147.476" errors="0" timestamp="2023-11-23T22:03:07 IST" skipped="0">
  <testcase classname="testNgWithoutSocial.TC_6_3_MY_REWARDS_SAG_WITHOUT_PAGINATION" name="SAGOfferInfo" time="25.113"/>
  <system-out/>
  <testcase classname="testNgWithoutSocial.TC_6_3_MY_REWARDS_SAG_WITHOUT_PAGINATION" name="SAGOfferOptOut" time="20.876"/>
  <system-out/>
  <testcase classname="testNgWithoutSocial.TC_6_3_MY_REWARDS_SAG_WITHOUT_PAGINATION" name="SAGInvalidSelectionThree" time="20.351"/>
  <system-out/>
  <testcase classname="testNgWithoutSocial.TC_6_3_MY_REWARDS_SAG_WITHOUT_PAGINATION" name="SAGInvalidSelectionFour" time="22.238"/>
  <system-out/>
  <testcase classname="testNgWithoutSocial.TC_6_3_MY_REWARDS_SAG_WITHOUT_PAGINATION" name="SAGInvalidSelectionFive" time="22.786"/>
  <system-out/>
  <testcase classname="testNgWithoutSocial.TC_6_3_MY_REWARDS_SAG_WITHOUT_PAGINATION" name="SAGInvalidSelectionHash" time="15.295"/>
  <system-out/>
  <testcase classname="testNgWithoutSocial.TC_6_3_MY_REWARDS_SAG_WITHOUT_PAGINATION" name="SAGInvalidSelectionAsterisk" time="20.817"/>
  <system-out/>
</testsuite> <!-- testNgWithoutSocial.TC_6_3_MY_REWARDS_SAG_WITHOUT_PAGINATION -->
