<?xml version="1.0" encoding="UTF-8"?>
<!-- Generated by org.testng.reporters.JUnitReportReporter -->
<testsuite hostname="MCKL-7604-T" failures="0" tests="1" name="testNGAutomation.ONLY_ONE_FLOW" time="19.399" errors="0" timestamp="2023-11-25T20:43:12 IST" skipped="0">
  <testcase classname="testNGAutomation.ONLY_ONE_FLOW" name="RAGOfferInfo" time="19.399"/>
  <system-out/>
</testsuite> <!-- testNGAutomation.ONLY_ONE_FLOW -->
