<?xml version="1.0" encoding="UTF-8"?>
<!-- Generated by org.testng.reporters.JUnitReportReporter -->
<testsuite hostname="MCKL-7604-T" failures="0" tests="16" name="testNgWithSocial.TC_4_1_FOUR_HOURLY_WITH_ONE_OFFER" time="346.513" errors="0" timestamp="2023-11-23T16:02:23 IST" skipped="0">
  <testcase classname="testNgWithSocial.TC_4_1_FOUR_HOURLY_WITH_ONE_OFFER" name="HourlyFirstAirtime" time="23.613"/>
  <system-out/>
  <testcase classname="testNgWithSocial.TC_4_1_FOUR_HOURLY_WITH_ONE_OFFER" name="HourlyFirstMpesaUSD" time="28.349"/>
  <system-out/>
  <testcase classname="testNgWithSocial.TC_4_1_FOUR_HOURLY_WITH_ONE_OFFER" name="HourlyFirstMpesaCDF" time="28.056"/>
  <system-out/>
  <testcase classname="testNgWithSocial.TC_4_1_FOUR_HOURLY_WITH_ONE_OFFER" name="HourlyOneInvalidTwo" time="18.799"/>
  <system-out/>
  <testcase classname="testNgWithSocial.TC_4_1_FOUR_HOURLY_WITH_ONE_OFFER" name="HourlyOneInvalidThree" time="19.384"/>
  <system-out/>
  <testcase classname="testNgWithSocial.TC_4_1_FOUR_HOURLY_WITH_ONE_OFFER" name="HourlyOneInvalidFour" time="18.805"/>
  <system-out/>
  <testcase classname="testNgWithSocial.TC_4_1_FOUR_HOURLY_WITH_ONE_OFFER" name="HourlyOneInvalidSix" time="20.773"/>
  <system-out/>
  <testcase classname="testNgWithSocial.TC_4_1_FOUR_HOURLY_WITH_ONE_OFFER" name="HourlyOneInvalidSeven" time="19.084"/>
  <system-out/>
  <testcase classname="testNgWithSocial.TC_4_1_FOUR_HOURLY_WITH_ONE_OFFER" name="HourlyOneInvalidEighth" time="18.919"/>
  <system-out/>
  <testcase classname="testNgWithSocial.TC_4_1_FOUR_HOURLY_WITH_ONE_OFFER" name="HourlyOneInvalidHash" time="18.859"/>
  <system-out/>
  <testcase classname="testNgWithSocial.TC_4_1_FOUR_HOURLY_WITH_ONE_OFFER" name="HourlyOneInvalidAsterisk" time="18.839"/>
  <system-out/>
  <testcase classname="testNgWithSocial.TC_4_1_FOUR_HOURLY_WITH_ONE_OFFER" name="HourlyOneInvalidZero" time="18.835"/>
  <system-out/>
  <testcase classname="testNgWithSocial.TC_4_1_FOUR_HOURLY_WITH_ONE_OFFER" name="HourlyOneInvalidPaymentThree" time="23.447"/>
  <system-out/>
  <testcase classname="testNgWithSocial.TC_4_1_FOUR_HOURLY_WITH_ONE_OFFER" name="HourlyOneInvalidPaymentZero" time="23.555"/>
  <system-out/>
  <testcase classname="testNgWithSocial.TC_4_1_FOUR_HOURLY_WITH_ONE_OFFER" name="HourlyOneInvalidPaymentHash" time="23.643"/>
  <system-out/>
  <testcase classname="testNgWithSocial.TC_4_1_FOUR_HOURLY_WITH_ONE_OFFER" name="HourlyOneInvalidPaymentAsterisk" time="23.553"/>
  <system-out/>
</testsuite> <!-- testNgWithSocial.TC_4_1_FOUR_HOURLY_WITH_ONE_OFFER -->
