<?xml version="1.0" encoding="UTF-8"?>
<!-- Generated by org.testng.reporters.JUnitReportReporter -->
<testsuite hostname="MCKL-7604-T" failures="0" tests="14" name="testNgWithoutSocial.AllSubmenu_without_Social_without_Pagination" time="306.466" errors="0" timestamp="2023-11-24T18:57:04 IST" skipped="0">
  <testcase classname="testNgWithoutSocial.AllSubmenu_without_Social_without_Pagination" name="ZeroMorning" time="18.897"/>
  <system-out/>
  <testcase classname="testNgWithoutSocial.AllSubmenu_without_Social_without_Pagination" name="OneVoiceConsentDecline" time="28.344"/>
  <system-out/>
  <testcase classname="testNgWithoutSocial.AllSubmenu_without_Social_without_Pagination" name="OneVoiceAirtime" time="28.154"/>
  <system-out/>
  <testcase classname="testNgWithoutSocial.AllSubmenu_without_Social_without_Pagination" name="TwoDataAirtime" time="23.358"/>
  <system-out/>
  <testcase classname="testNgWithoutSocial.AllSubmenu_without_Social_without_Pagination" name="ThreeIntegratedAirtime" time="23.538"/>
  <system-out/>
  <testcase classname="testNgWithoutSocial.AllSubmenu_without_Social_without_Pagination" name="HourlyAirtime" time="23.622"/>
  <system-out/>
  <testcase classname="testNgWithoutSocial.AllSubmenu_without_Social_without_Pagination" name="VoiceSecondMpesaCDF" time="23.545"/>
  <system-out/>
  <testcase classname="testNgWithoutSocial.AllSubmenu_without_Social_without_Pagination" name="SevenRAG" time="23.576"/>
  <system-out/>
  <testcase classname="testNgWithoutSocial.AllSubmenu_without_Social_without_Pagination" name="SevenPED" time="23.750"/>
  <system-out/>
  <testcase classname="testNgWithoutSocial.AllSubmenu_without_Social_without_Pagination" name="SevenSAG" time="23.441"/>
  <system-out/>
  <testcase classname="testNgWithoutSocial.AllSubmenu_without_Social_without_Pagination" name="OptOutDecline" time="18.843"/>
  <system-out/>
  <testcase classname="testNgWithoutSocial.AllSubmenu_without_Social_without_Pagination" name="MainMenuInvalidHash" time="14.248"/>
  <system-out/>
  <testcase classname="testNgWithoutSocial.AllSubmenu_without_Social_without_Pagination" name="MainMenuInvalid" time="14.212"/>
  <system-out/>
  <testcase classname="testNgWithoutSocial.AllSubmenu_without_Social_without_Pagination" name="OptOutAccept" time="18.938"/>
  <system-out/>
</testsuite> <!-- testNgWithoutSocial.AllSubmenu_without_Social_without_Pagination -->
