<?xml version="1.0" encoding="UTF-8"?>
<!-- Generated by org.testng.reporters.JUnitReportReporter -->
<testsuite hostname="MCKL-7604-T" failures="0" tests="13" name="testNgWithSocial.TC_5_1_J4U_TOWN_ONE_OFFER" time="267.188" errors="0" timestamp="2023-11-22T16:45:25 IST" skipped="0">
  <testcase classname="testNgWithSocial.TC_5_1_J4U_TOWN_ONE_OFFER" name="One" time="23.426"/>
  <system-out/>
  <testcase classname="testNgWithSocial.TC_5_1_J4U_TOWN_ONE_OFFER" name="Two" time="27.896"/>
  <system-out/>
  <testcase classname="testNgWithSocial.TC_5_1_J4U_TOWN_ONE_OFFER" name="Three" time="27.890"/>
  <system-out/>
  <testcase classname="testNgWithSocial.TC_5_1_J4U_TOWN_ONE_OFFER" name="Four" time="18.896"/>
  <system-out/>
  <testcase classname="testNgWithSocial.TC_5_1_J4U_TOWN_ONE_OFFER" name="Five" time="18.765"/>
  <system-out/>
  <testcase classname="testNgWithSocial.TC_5_1_J4U_TOWN_ONE_OFFER" name="Six" time="18.786"/>
  <system-out/>
  <testcase classname="testNgWithSocial.TC_5_1_J4U_TOWN_ONE_OFFER" name="Seven" time="18.769"/>
  <system-out/>
  <testcase classname="testNgWithSocial.TC_5_1_J4U_TOWN_ONE_OFFER" name="Eight" time="18.772"/>
  <system-out/>
  <testcase classname="testNgWithSocial.TC_5_1_J4U_TOWN_ONE_OFFER" name="Nine" time="18.853"/>
  <system-out/>
  <testcase classname="testNgWithSocial.TC_5_1_J4U_TOWN_ONE_OFFER" name="Ten" time="18.755"/>
  <system-out/>
  <testcase classname="testNgWithSocial.TC_5_1_J4U_TOWN_ONE_OFFER" name="Eleven" time="18.878"/>
  <system-out/>
  <testcase classname="testNgWithSocial.TC_5_1_J4U_TOWN_ONE_OFFER" name="Twelve" time="18.747"/>
  <system-out/>
  <testcase classname="testNgWithSocial.TC_5_1_J4U_TOWN_ONE_OFFER" name="Thirteen" time="18.755"/>
  <system-out/>
</testsuite> <!-- testNgWithSocial.TC_5_1_J4U_TOWN_ONE_OFFER -->
