<?xml version="1.0" encoding="UTF-8"?>
<!-- Generated by org.testng.reporters.JUnitReportReporter -->
<testsuite hostname="MCKL-7604-T" failures="0" tests="18" name="testNgWithSocial.TC_4_2_FOUR_HOURLY_WITH_TWO_OFFER" time="409.361" errors="0" timestamp="2023-11-23T15:56:19 IST" skipped="0">
  <testcase classname="testNgWithSocial.TC_4_2_FOUR_HOURLY_WITH_TWO_OFFER" name="HourlyFirstAirtime" time="23.946"/>
  <system-out/>
  <testcase classname="testNgWithSocial.TC_4_2_FOUR_HOURLY_WITH_TWO_OFFER" name="HourlyFirstMpesaUSD" time="28.542"/>
  <system-out/>
  <testcase classname="testNgWithSocial.TC_4_2_FOUR_HOURLY_WITH_TWO_OFFER" name="HourlyFirstMpesaCDF" time="28.151"/>
  <system-out/>
  <testcase classname="testNgWithSocial.TC_4_2_FOUR_HOURLY_WITH_TWO_OFFER" name="HourlySecondAirtime" time="23.862"/>
  <system-out/>
  <testcase classname="testNgWithSocial.TC_4_2_FOUR_HOURLY_WITH_TWO_OFFER" name="HourlySecondMpesaUSD" time="28.351"/>
  <system-out/>
  <testcase classname="testNgWithSocial.TC_4_2_FOUR_HOURLY_WITH_TWO_OFFER" name="HourlySecondMpesaCDF" time="28.363"/>
  <system-out/>
  <testcase classname="testNgWithSocial.TC_4_2_FOUR_HOURLY_WITH_TWO_OFFER" name="HourlyTwoInvalidThree" time="19.256"/>
  <system-out/>
  <testcase classname="testNgWithSocial.TC_4_2_FOUR_HOURLY_WITH_TWO_OFFER" name="HourlyTwoInvalidFour" time="19.234"/>
  <system-out/>
  <testcase classname="testNgWithSocial.TC_4_2_FOUR_HOURLY_WITH_TWO_OFFER" name="HourlyTwoInvalidSix" time="19.242"/>
  <system-out/>
  <testcase classname="testNgWithSocial.TC_4_2_FOUR_HOURLY_WITH_TWO_OFFER" name="HourlyTwoInvalidSeven" time="19.130"/>
  <system-out/>
  <testcase classname="testNgWithSocial.TC_4_2_FOUR_HOURLY_WITH_TWO_OFFER" name="HourlyTwoInvalidEighth" time="18.958"/>
  <system-out/>
  <testcase classname="testNgWithSocial.TC_4_2_FOUR_HOURLY_WITH_TWO_OFFER" name="HourlyTwoInvalidHash" time="19.063"/>
  <system-out/>
  <testcase classname="testNgWithSocial.TC_4_2_FOUR_HOURLY_WITH_TWO_OFFER" name="HourlyTwoInvalidAsterisk" time="18.948"/>
  <system-out/>
  <testcase classname="testNgWithSocial.TC_4_2_FOUR_HOURLY_WITH_TWO_OFFER" name="HourlyTwoInvalidZero" time="19.145"/>
  <system-out/>
  <testcase classname="testNgWithSocial.TC_4_2_FOUR_HOURLY_WITH_TWO_OFFER" name="HourlyTwoInvalidPaymentThree" time="24.048"/>
  <system-out/>
  <testcase classname="testNgWithSocial.TC_4_2_FOUR_HOURLY_WITH_TWO_OFFER" name="HourlyTwoInvalidPaymentZero" time="23.769"/>
  <system-out/>
  <testcase classname="testNgWithSocial.TC_4_2_FOUR_HOURLY_WITH_TWO_OFFER" name="HourlyTwoInvalidPaymentHash" time="23.738"/>
  <system-out/>
  <testcase classname="testNgWithSocial.TC_4_2_FOUR_HOURLY_WITH_TWO_OFFER" name="HourlyTwoInvalidPaymentAsterisk" time="23.615"/>
  <system-out/>
</testsuite> <!-- testNgWithSocial.TC_4_2_FOUR_HOURLY_WITH_TWO_OFFER -->
