<?xml version="1.0" encoding="UTF-8"?>
<!-- Generated by org.testng.reporters.JUnitReportReporter -->
<testsuite hostname="MCKL-7604-T" failures="0" tests="13" name="testNGAutomation.TC_J4U_TOWN_OFFER_ONLY_ONE_OFFER" time="274.055" errors="0" timestamp="2023-11-20T22:01:01 IST" skipped="0">
  <testcase classname="testNGAutomation.TC_J4U_TOWN_OFFER_ONLY_ONE_OFFER" name="One" time="23.967"/>
  <system-out/>
  <testcase classname="testNGAutomation.TC_J4U_TOWN_OFFER_ONLY_ONE_OFFER" name="Two" time="28.703"/>
  <system-out/>
  <testcase classname="testNGAutomation.TC_J4U_TOWN_OFFER_ONLY_ONE_OFFER" name="Three" time="29.026"/>
  <system-out/>
  <testcase classname="testNGAutomation.TC_J4U_TOWN_OFFER_ONLY_ONE_OFFER" name="Four" time="19.142"/>
  <system-out/>
  <testcase classname="testNGAutomation.TC_J4U_TOWN_OFFER_ONLY_ONE_OFFER" name="Five" time="19.245"/>
  <system-out/>
  <testcase classname="testNGAutomation.TC_J4U_TOWN_OFFER_ONLY_ONE_OFFER" name="Six" time="18.948"/>
  <system-out/>
  <testcase classname="testNGAutomation.TC_J4U_TOWN_OFFER_ONLY_ONE_OFFER" name="Seven" time="19.240"/>
  <system-out/>
  <testcase classname="testNGAutomation.TC_J4U_TOWN_OFFER_ONLY_ONE_OFFER" name="Eight" time="19.246"/>
  <system-out/>
  <testcase classname="testNGAutomation.TC_J4U_TOWN_OFFER_ONLY_ONE_OFFER" name="Nine" time="19.656"/>
  <system-out/>
  <testcase classname="testNGAutomation.TC_J4U_TOWN_OFFER_ONLY_ONE_OFFER" name="Ten" time="19.174"/>
  <system-out/>
  <testcase classname="testNGAutomation.TC_J4U_TOWN_OFFER_ONLY_ONE_OFFER" name="Eleven" time="19.318"/>
  <system-out/>
  <testcase classname="testNGAutomation.TC_J4U_TOWN_OFFER_ONLY_ONE_OFFER" name="Twelve" time="19.068"/>
  <system-out/>
  <testcase classname="testNGAutomation.TC_J4U_TOWN_OFFER_ONLY_ONE_OFFER" name="Thirteen" time="19.322"/>
  <system-out/>
</testsuite> <!-- testNGAutomation.TC_J4U_TOWN_OFFER_ONLY_ONE_OFFER -->
