<?xml version="1.0" encoding="UTF-8"?>
<!-- Generated by org.testng.reporters.JUnitReportReporter -->
<testsuite hostname="MCKL-7604-T" failures="0" tests="21" name="testNgWithSocial.TC_4_3_FOUR_HOURLY_WITH_THREE_OFFER" time="486.054" errors="0" timestamp="2023-11-23T15:31:13 IST" skipped="0">
  <testcase classname="testNgWithSocial.TC_4_3_FOUR_HOURLY_WITH_THREE_OFFER" name="HourlyFirstAirtime" time="23.618"/>
  <system-out/>
  <testcase classname="testNgWithSocial.TC_4_3_FOUR_HOURLY_WITH_THREE_OFFER" name="HourlyFirstMpesaUSD" time="28.133"/>
  <system-out/>
  <testcase classname="testNgWithSocial.TC_4_3_FOUR_HOURLY_WITH_THREE_OFFER" name="HourlyFirstMpesaCDF" time="28.159"/>
  <system-out/>
  <testcase classname="testNgWithSocial.TC_4_3_FOUR_HOURLY_WITH_THREE_OFFER" name="HourlySecondAirtime" time="23.646"/>
  <system-out/>
  <testcase classname="testNgWithSocial.TC_4_3_FOUR_HOURLY_WITH_THREE_OFFER" name="HourlySecondMpesaUSD" time="28.156"/>
  <system-out/>
  <testcase classname="testNgWithSocial.TC_4_3_FOUR_HOURLY_WITH_THREE_OFFER" name="HourlySecondMpesaCDF" time="28.770"/>
  <system-out/>
  <testcase classname="testNgWithSocial.TC_4_3_FOUR_HOURLY_WITH_THREE_OFFER" name="HourlyThirdAirtime" time="23.860"/>
  <system-out/>
  <testcase classname="testNgWithSocial.TC_4_3_FOUR_HOURLY_WITH_THREE_OFFER" name="HourlyThirdMpesaUSD" time="28.353"/>
  <system-out/>
  <testcase classname="testNgWithSocial.TC_4_3_FOUR_HOURLY_WITH_THREE_OFFER" name="HourlyThirdMpesaCDF" time="28.212"/>
  <system-out/>
  <testcase classname="testNgWithSocial.TC_4_3_FOUR_HOURLY_WITH_THREE_OFFER" name="HourlyThreeInvalidFour" time="18.895"/>
  <system-out/>
  <testcase classname="testNgWithSocial.TC_4_3_FOUR_HOURLY_WITH_THREE_OFFER" name="HourlyThreeInvalidFive" time="19.100"/>
  <system-out/>
  <testcase classname="testNgWithSocial.TC_4_3_FOUR_HOURLY_WITH_THREE_OFFER" name="HourlyThreeInvalidSix" time="18.872"/>
  <system-out/>
  <testcase classname="testNgWithSocial.TC_4_3_FOUR_HOURLY_WITH_THREE_OFFER" name="HourlyThreeInvalidSeven" time="18.801"/>
  <system-out/>
  <testcase classname="testNgWithSocial.TC_4_3_FOUR_HOURLY_WITH_THREE_OFFER" name="HourlyThreeInvalidEighth" time="18.930"/>
  <system-out/>
  <testcase classname="testNgWithSocial.TC_4_3_FOUR_HOURLY_WITH_THREE_OFFER" name="HourlyThreeInvalidHash" time="18.879"/>
  <system-out/>
  <testcase classname="testNgWithSocial.TC_4_3_FOUR_HOURLY_WITH_THREE_OFFER" name="HourlyThreeInvalidAsterisk" time="18.808"/>
  <system-out/>
  <testcase classname="testNgWithSocial.TC_4_3_FOUR_HOURLY_WITH_THREE_OFFER" name="HourlyThreeInvalidZero" time="18.819"/>
  <system-out/>
  <testcase classname="testNgWithSocial.TC_4_3_FOUR_HOURLY_WITH_THREE_OFFER" name="HourlyThreeInvalidPaymentThree" time="23.450"/>
  <system-out/>
  <testcase classname="testNgWithSocial.TC_4_3_FOUR_HOURLY_WITH_THREE_OFFER" name="HourlyThreeInvalidPaymentZero" time="23.398"/>
  <system-out/>
  <testcase classname="testNgWithSocial.TC_4_3_FOUR_HOURLY_WITH_THREE_OFFER" name="HourlyThreeInvalidPaymentHash" time="23.648"/>
  <system-out/>
  <testcase classname="testNgWithSocial.TC_4_3_FOUR_HOURLY_WITH_THREE_OFFER" name="HourlyThreeInvalidPaymentAsterisk" time="23.547"/>
  <system-out/>
</testsuite> <!-- testNgWithSocial.TC_4_3_FOUR_HOURLY_WITH_THREE_OFFER -->
