<?xml version="1.0" encoding="UTF-8"?>
<!-- Generated by org.testng.reporters.JUnitReportReporter -->
<testsuite hostname="MCKL-7604-T" failures="0" tests="11" name="testNgWithoutSocial.TC_0_ZERO_MORNING" time="163.362" errors="0" timestamp="2023-11-25T23:11:47 IST" skipped="0">
  <testcase classname="testNgWithoutSocial.TC_0_ZERO_MORNING" name="MorningThreeInvalid4" time="15.355"/>
  <system-out/>
  <testcase classname="testNgWithoutSocial.TC_0_ZERO_MORNING" name="MorningThreeInvalid5" time="14.955"/>
  <system-out/>
  <testcase classname="testNgWithoutSocial.TC_0_ZERO_MORNING" name="MorningThreeInvalidHash" time="15.253"/>
  <system-out/>
  <testcase classname="testNgWithoutSocial.TC_0_ZERO_MORNING" name="MorningThreeInvalidAsterisk" time="15.520"/>
  <system-out/>
  <testcase classname="testNgWithoutSocial.TC_0_ZERO_MORNING" name="MorningThreeInvalidZero" time="15.336"/>
  <system-out/>
  <testcase classname="testNgWithoutSocial.TC_0_ZERO_MORNING" name="MorningThreeValidActivation" time="15.516"/>
  <system-out/>
  <testcase classname="testNgWithoutSocial.TC_0_ZERO_MORNING" name="MorningTwoInvalidThree" time="15.194"/>
  <system-out/>
  <testcase classname="testNgWithoutSocial.TC_0_ZERO_MORNING" name="MorningTwoValidActivation" time="15.205"/>
  <system-out/>
  <testcase classname="testNgWithoutSocial.TC_0_ZERO_MORNING" name="MorningOneInvalidTwo" time="15.169"/>
  <system-out/>
  <testcase classname="testNgWithoutSocial.TC_0_ZERO_MORNING" name="MorningOneValidActivation" time="15.536"/>
  <system-out/>
  <testcase classname="testNgWithoutSocial.TC_0_ZERO_MORNING" name="MorningNoOfferMessage" time="10.323"/>
  <system-out/>
</testsuite> <!-- testNgWithoutSocial.TC_0_ZERO_MORNING -->
