<?xml version="1.0" encoding="UTF-8"?>
<!-- Generated by org.testng.reporters.JUnitReportReporter -->
<testsuite hostname="MCKL-7604-T" failures="0" tests="20" name="testNGAutomation.TC_J4U_TOWN_OFFER_ONLY_THREE_OFFERS" time="464.884" errors="0" timestamp="2023-11-20T22:48:36 IST" skipped="0">
  <testcase classname="testNGAutomation.TC_J4U_TOWN_OFFER_ONLY_THREE_OFFERS" name="One" time="24.243"/>
  <system-out/>
  <testcase classname="testNGAutomation.TC_J4U_TOWN_OFFER_ONLY_THREE_OFFERS" name="Two" time="28.655"/>
  <system-out/>
  <testcase classname="testNGAutomation.TC_J4U_TOWN_OFFER_ONLY_THREE_OFFERS" name="Three" time="28.669"/>
  <system-out/>
  <testcase classname="testNGAutomation.TC_J4U_TOWN_OFFER_ONLY_THREE_OFFERS" name="OneOne" time="23.946"/>
  <system-out/>
  <testcase classname="testNGAutomation.TC_J4U_TOWN_OFFER_ONLY_THREE_OFFERS" name="TwoTwo" time="28.871"/>
  <system-out/>
  <testcase classname="testNGAutomation.TC_J4U_TOWN_OFFER_ONLY_THREE_OFFERS" name="ThreeThree" time="28.786"/>
  <system-out/>
  <testcase classname="testNGAutomation.TC_J4U_TOWN_OFFER_ONLY_THREE_OFFERS" name="Fourteen" time="23.834"/>
  <system-out/>
  <testcase classname="testNGAutomation.TC_J4U_TOWN_OFFER_ONLY_THREE_OFFERS" name="Fifteen" time="28.561"/>
  <system-out/>
  <testcase classname="testNGAutomation.TC_J4U_TOWN_OFFER_ONLY_THREE_OFFERS" name="Sixteen" time="29.088"/>
  <system-out/>
  <testcase classname="testNGAutomation.TC_J4U_TOWN_OFFER_ONLY_THREE_OFFERS" name="Four" time="19.134"/>
  <system-out/>
  <testcase classname="testNGAutomation.TC_J4U_TOWN_OFFER_ONLY_THREE_OFFERS" name="Five" time="19.460"/>
  <system-out/>
  <testcase classname="testNGAutomation.TC_J4U_TOWN_OFFER_ONLY_THREE_OFFERS" name="Six" time="19.241"/>
  <system-out/>
  <testcase classname="testNGAutomation.TC_J4U_TOWN_OFFER_ONLY_THREE_OFFERS" name="Seven" time="19.350"/>
  <system-out/>
  <testcase classname="testNGAutomation.TC_J4U_TOWN_OFFER_ONLY_THREE_OFFERS" name="Eight" time="19.041"/>
  <system-out/>
  <testcase classname="testNGAutomation.TC_J4U_TOWN_OFFER_ONLY_THREE_OFFERS" name="Nine" time="19.324"/>
  <system-out/>
  <testcase classname="testNGAutomation.TC_J4U_TOWN_OFFER_ONLY_THREE_OFFERS" name="Ten" time="19.988"/>
  <system-out/>
  <testcase classname="testNGAutomation.TC_J4U_TOWN_OFFER_ONLY_THREE_OFFERS" name="Eleven" time="20.482"/>
  <system-out/>
  <testcase classname="testNGAutomation.TC_J4U_TOWN_OFFER_ONLY_THREE_OFFERS" name="Twelve" time="20.297"/>
  <system-out/>
  <testcase classname="testNGAutomation.TC_J4U_TOWN_OFFER_ONLY_THREE_OFFERS" name="Thirteen" time="19.402"/>
  <system-out/>
  <testcase classname="testNGAutomation.TC_J4U_TOWN_OFFER_ONLY_THREE_OFFERS" name="PaymentInvalid" time="24.512"/>
  <system-out/>
</testsuite> <!-- testNGAutomation.TC_J4U_TOWN_OFFER_ONLY_THREE_OFFERS -->
