<?xml version="1.0" encoding="UTF-8"?>
<!-- Generated by org.testng.reporters.JUnitReportReporter -->
<testsuite hostname="MCKL-7604-T" failures="0" tests="8" name="testNgWithSocial.TC_7_1_MY_REWARDS_RAG" time="206.225" errors="0" timestamp="2023-11-21T23:58:53 IST" skipped="0">
  <testcase classname="testNgWithSocial.TC_7_1_MY_REWARDS_RAG" name="RAGOfferInfo" time="29.443"/>
  <system-out/>
  <testcase classname="testNgWithSocial.TC_7_1_MY_REWARDS_RAG" name="RAGOfferOptOut" time="28.012"/>
  <system-out/>
  <testcase classname="testNgWithSocial.TC_7_1_MY_REWARDS_RAG" name="RAGInvalidSelectionThree" time="24.379"/>
  <system-out/>
  <testcase classname="testNgWithSocial.TC_7_1_MY_REWARDS_RAG" name="RAGInvalidSelectionFour" time="24.993"/>
  <system-out/>
  <testcase classname="testNgWithSocial.TC_7_1_MY_REWARDS_RAG" name="RAGInvalidSelectionFive" time="24.763"/>
  <system-out/>
  <testcase classname="testNgWithSocial.TC_7_1_MY_REWARDS_RAG" name="RAGInvalidSelectionHash" time="24.673"/>
  <system-out/>
  <testcase classname="testNgWithSocial.TC_7_1_MY_REWARDS_RAG" name="RAGInvalidSelectionAsterisk" time="24.578"/>
  <system-out/>
  <testcase classname="testNgWithSocial.TC_7_1_MY_REWARDS_RAG" name="RAGInvalidSelectionZero" time="25.384"/>
  <system-out/>
</testsuite> <!-- testNgWithSocial.TC_7_1_MY_REWARDS_RAG -->
