<?xml version="1.0" encoding="UTF-8"?>
<!-- Generated by org.testng.reporters.JUnitReportReporter -->
<testsuite hostname="MCKL-7604-T" failures="0" tests="21" name="testNgWithSocial.TC_5_4_J4U_TOWN_FOUR_OFFERS" time="500.436" errors="0" timestamp="2023-11-22T14:20:41 IST" skipped="0">
  <testcase classname="testNgWithSocial.TC_5_4_J4U_TOWN_FOUR_OFFERS" name="One" time="23.766"/>
  <system-out/>
  <testcase classname="testNgWithSocial.TC_5_4_J4U_TOWN_FOUR_OFFERS" name="Two" time="28.648"/>
  <system-out/>
  <testcase classname="testNgWithSocial.TC_5_4_J4U_TOWN_FOUR_OFFERS" name="Three" time="28.340"/>
  <system-out/>
  <testcase classname="testNgWithSocial.TC_5_4_J4U_TOWN_FOUR_OFFERS" name="Fourteen" time="23.667"/>
  <system-out/>
  <testcase classname="testNgWithSocial.TC_5_4_J4U_TOWN_FOUR_OFFERS" name="Fifteen" time="28.566"/>
  <system-out/>
  <testcase classname="testNgWithSocial.TC_5_4_J4U_TOWN_FOUR_OFFERS" name="Sixteen" time="28.472"/>
  <system-out/>
  <testcase classname="testNgWithSocial.TC_5_4_J4U_TOWN_FOUR_OFFERS" name="OneOne" time="24.255"/>
  <system-out/>
  <testcase classname="testNgWithSocial.TC_5_4_J4U_TOWN_FOUR_OFFERS" name="TwoTwo" time="28.267"/>
  <system-out/>
  <testcase classname="testNgWithSocial.TC_5_4_J4U_TOWN_FOUR_OFFERS" name="ThreeThree" time="28.564"/>
  <system-out/>
  <testcase classname="testNgWithSocial.TC_5_4_J4U_TOWN_FOUR_OFFERS" name="FiveFourOne" time="23.537"/>
  <system-out/>
  <testcase classname="testNgWithSocial.TC_5_4_J4U_TOWN_FOUR_OFFERS" name="FiveFour" time="28.362"/>
  <system-out/>
  <testcase classname="testNgWithSocial.TC_5_4_J4U_TOWN_FOUR_OFFERS" name="FiveFourTwo" time="28.362"/>
  <system-out/>
  <testcase classname="testNgWithSocial.TC_5_4_J4U_TOWN_FOUR_OFFERS" name="Four" time="19.075"/>
  <system-out/>
  <testcase classname="testNgWithSocial.TC_5_4_J4U_TOWN_FOUR_OFFERS" name="Seven" time="19.324"/>
  <system-out/>
  <testcase classname="testNgWithSocial.TC_5_4_J4U_TOWN_FOUR_OFFERS" name="Eight" time="19.245"/>
  <system-out/>
  <testcase classname="testNgWithSocial.TC_5_4_J4U_TOWN_FOUR_OFFERS" name="Nine" time="19.224"/>
  <system-out/>
  <testcase classname="testNgWithSocial.TC_5_4_J4U_TOWN_FOUR_OFFERS" name="Ten" time="18.952"/>
  <system-out/>
  <testcase classname="testNgWithSocial.TC_5_4_J4U_TOWN_FOUR_OFFERS" name="Eleven" time="19.353"/>
  <system-out/>
  <testcase classname="testNgWithSocial.TC_5_4_J4U_TOWN_FOUR_OFFERS" name="Twelve" time="19.460"/>
  <system-out/>
  <testcase classname="testNgWithSocial.TC_5_4_J4U_TOWN_FOUR_OFFERS" name="Thirteen" time="19.234"/>
  <system-out/>
  <testcase classname="testNgWithSocial.TC_5_4_J4U_TOWN_FOUR_OFFERS" name="PaymentInvalid" time="23.763"/>
  <system-out/>
</testsuite> <!-- testNgWithSocial.TC_5_4_J4U_TOWN_FOUR_OFFERS -->
