<?xml version="1.0" encoding="UTF-8"?>
<!-- Generated by org.testng.reporters.JUnitReportReporter -->
<testsuite hostname="MCKL-7604-T" failures="0" tests="13" name="testNgWithSocial.TC_7_2_PLAY_EVERY_DAY_WITH_PAGINATION" time="388.279" errors="0" timestamp="2023-11-22T00:52:12 IST" skipped="0">
  <testcase classname="testNgWithSocial.TC_7_2_PLAY_EVERY_DAY_WITH_PAGINATION" name="PlayEveryDayAvailablePlay" time="25.293"/>
  <system-out/>
  <testcase classname="testNgWithSocial.TC_7_2_PLAY_EVERY_DAY_WITH_PAGINATION" name="PlayEveryDayPLAY" time="30.030"/>
  <system-out/>
  <testcase classname="testNgWithSocial.TC_7_2_PLAY_EVERY_DAY_WITH_PAGINATION" name="PlayEveryDayPLAYProper" time="29.563"/>
  <system-out/>
  <testcase classname="testNgWithSocial.TC_7_2_PLAY_EVERY_DAY_WITH_PAGINATION" name="PlayEveryDayPLAYProperOne" time="29.382"/>
  <system-out/>
  <testcase classname="testNgWithSocial.TC_7_2_PLAY_EVERY_DAY_WITH_PAGINATION" name="PlayEveryDayPLAYProperTwo" time="29.146"/>
  <system-out/>
  <testcase classname="testNgWithSocial.TC_7_2_PLAY_EVERY_DAY_WITH_PAGINATION" name="PlayEveryDayBackAvailablePlay" time="33.870"/>
  <system-out/>
  <testcase classname="testNgWithSocial.TC_7_2_PLAY_EVERY_DAY_WITH_PAGINATION" name="PlayEveryDayBackPLAY" time="34.366"/>
  <system-out/>
  <testcase classname="testNgWithSocial.TC_7_2_PLAY_EVERY_DAY_WITH_PAGINATION" name="PlayEveryDayBackPrizeHistory" time="34.436"/>
  <system-out/>
  <testcase classname="testNgWithSocial.TC_7_2_PLAY_EVERY_DAY_WITH_PAGINATION" name="PlayEveryDayBack" time="34.185"/>
  <system-out/>
  <testcase classname="testNgWithSocial.TC_7_2_PLAY_EVERY_DAY_WITH_PAGINATION" name="PlayEveryDayBackOneStep" time="29.427"/>
  <system-out/>
  <testcase classname="testNgWithSocial.TC_7_2_PLAY_EVERY_DAY_WITH_PAGINATION" name="PlayEveryDayWonHistory" time="24.609"/>
  <system-out/>
  <testcase classname="testNgWithSocial.TC_7_2_PLAY_EVERY_DAY_WITH_PAGINATION" name="PlayEveryDayInvalid" time="29.237"/>
  <system-out/>
  <testcase classname="testNgWithSocial.TC_7_2_PLAY_EVERY_DAY_WITH_PAGINATION" name="PlayEveryDayInvalidFour" time="24.735"/>
  <system-out/>
</testsuite> <!-- testNgWithSocial.TC_7_2_PLAY_EVERY_DAY_WITH_PAGINATION -->
