<?xml version="1.0" encoding="UTF-8"?>
<!-- Generated by org.testng.reporters.JUnitReportReporter -->
<testsuite hostname="MCKL-7604-T" failures="0" tests="13" name="testNgWithSocial.AllSubmenu_with_Social" time="331.571" errors="0" timestamp="2023-11-24T12:42:15 IST" skipped="0">
  <testcase classname="testNgWithSocial.AllSubmenu_with_Social" name="ZeroMorning" time="19.124"/>
  <system-out/>
  <testcase classname="testNgWithSocial.AllSubmenu_with_Social" name="OneVoiceConsentDecline" time="28.749"/>
  <system-out/>
  <testcase classname="testNgWithSocial.AllSubmenu_with_Social" name="OneVoiceAirtime" time="28.561"/>
  <system-out/>
  <testcase classname="testNgWithSocial.AllSubmenu_with_Social" name="TwoDataAirtime" time="23.631"/>
  <system-out/>
  <testcase classname="testNgWithSocial.AllSubmenu_with_Social" name="ThreeIntegratedAirtime" time="23.679"/>
  <system-out/>
  <testcase classname="testNgWithSocial.AllSubmenu_with_Social" name="HourlyAirtime" time="23.514"/>
  <system-out/>
  <testcase classname="testNgWithSocial.AllSubmenu_with_Social" name="VoiceSecondMpesaCDF" time="23.676"/>
  <system-out/>
  <testcase classname="testNgWithSocial.AllSubmenu_with_Social" name="SixSocial" time="28.566"/>
  <system-out/>
  <testcase classname="testNgWithSocial.AllSubmenu_with_Social" name="SevenRAG" time="28.166"/>
  <system-out/>
  <testcase classname="testNgWithSocial.AllSubmenu_with_Social" name="SevenPED" time="28.448"/>
  <system-out/>
  <testcase classname="testNgWithSocial.AllSubmenu_with_Social" name="SevenSAG" time="28.158"/>
  <system-out/>
  <testcase classname="testNgWithSocial.AllSubmenu_with_Social" name="OptOutDecline" time="23.784"/>
  <system-out/>
  <testcase classname="testNgWithSocial.AllSubmenu_with_Social" name="OptOutAccept" time="23.515"/>
  <system-out/>
</testsuite> <!-- testNgWithSocial.AllSubmenu_with_Social -->
