<?xml version="1.0" encoding="UTF-8"?>
<!-- Generated by org.testng.reporters.JUnitReportReporter -->
<testsuite hostname="MCKL-7604-T" failures="0" tests="24" name="testNgWithoutSocial.TC_5_5_J4U_TOWN_FIVE_OFFERS" time="583.801" errors="0" timestamp="2023-11-27T12:28:00 IST" skipped="0">
  <testcase classname="testNgWithoutSocial.TC_5_5_J4U_TOWN_FIVE_OFFERS" name="One" time="24.030"/>
  <system-out/>
  <testcase classname="testNgWithoutSocial.TC_5_5_J4U_TOWN_FIVE_OFFERS" name="Two" time="28.399"/>
  <system-out/>
  <testcase classname="testNgWithoutSocial.TC_5_5_J4U_TOWN_FIVE_OFFERS" name="Three" time="28.133"/>
  <system-out/>
  <testcase classname="testNgWithoutSocial.TC_5_5_J4U_TOWN_FIVE_OFFERS" name="Fourteen" time="23.463"/>
  <system-out/>
  <testcase classname="testNgWithoutSocial.TC_5_5_J4U_TOWN_FIVE_OFFERS" name="Fifteen" time="28.149"/>
  <system-out/>
  <testcase classname="testNgWithoutSocial.TC_5_5_J4U_TOWN_FIVE_OFFERS" name="Sixteen" time="28.165"/>
  <system-out/>
  <testcase classname="testNgWithoutSocial.TC_5_5_J4U_TOWN_FIVE_OFFERS" name="OneOne" time="23.856"/>
  <system-out/>
  <testcase classname="testNgWithoutSocial.TC_5_5_J4U_TOWN_FIVE_OFFERS" name="TwoTwo" time="28.564"/>
  <system-out/>
  <testcase classname="testNgWithoutSocial.TC_5_5_J4U_TOWN_FIVE_OFFERS" name="ThreeThree" time="28.357"/>
  <system-out/>
  <testcase classname="testNgWithoutSocial.TC_5_5_J4U_TOWN_FIVE_OFFERS" name="FiveFourOne" time="23.659"/>
  <system-out/>
  <testcase classname="testNgWithoutSocial.TC_5_5_J4U_TOWN_FIVE_OFFERS" name="FiveFour" time="28.344"/>
  <system-out/>
  <testcase classname="testNgWithoutSocial.TC_5_5_J4U_TOWN_FIVE_OFFERS" name="FiveFourTwo" time="28.478"/>
  <system-out/>
  <testcase classname="testNgWithoutSocial.TC_5_5_J4U_TOWN_FIVE_OFFERS" name="FiveFive" time="24.061"/>
  <system-out/>
  <testcase classname="testNgWithoutSocial.TC_5_5_J4U_TOWN_FIVE_OFFERS" name="FiveFiveTwo" time="28.347"/>
  <system-out/>
  <testcase classname="testNgWithoutSocial.TC_5_5_J4U_TOWN_FIVE_OFFERS" name="FiveFiveTwoTwo" time="28.376"/>
  <system-out/>
  <testcase classname="testNgWithoutSocial.TC_5_5_J4U_TOWN_FIVE_OFFERS" name="Four" time="19.049"/>
  <system-out/>
  <testcase classname="testNgWithoutSocial.TC_5_5_J4U_TOWN_FIVE_OFFERS" name="Eight" time="18.815"/>
  <system-out/>
  <testcase classname="testNgWithoutSocial.TC_5_5_J4U_TOWN_FIVE_OFFERS" name="Nine" time="19.470"/>
  <system-out/>
  <testcase classname="testNgWithoutSocial.TC_5_5_J4U_TOWN_FIVE_OFFERS" name="Ten" time="19.143"/>
  <system-out/>
  <testcase classname="testNgWithoutSocial.TC_5_5_J4U_TOWN_FIVE_OFFERS" name="Eleven" time="19.040"/>
  <system-out/>
  <testcase classname="testNgWithoutSocial.TC_5_5_J4U_TOWN_FIVE_OFFERS" name="Twelve" time="18.931"/>
  <system-out/>
  <testcase classname="testNgWithoutSocial.TC_5_5_J4U_TOWN_FIVE_OFFERS" name="Thirteen" time="18.957"/>
  <system-out/>
  <testcase classname="testNgWithoutSocial.TC_5_5_J4U_TOWN_FIVE_OFFERS" name="PaymentInvalid" time="23.961"/>
  <system-out/>
  <testcase classname="testNgWithoutSocial.TC_5_5_J4U_TOWN_FIVE_OFFERS" name="PaymentInvalidOne" time="24.054"/>
  <system-out/>
</testsuite> <!-- testNgWithoutSocial.TC_5_5_J4U_TOWN_FIVE_OFFERS -->
