<?xml version="1.0" encoding="UTF-8"?>
<!-- Generated by org.testng.reporters.JUnitReportReporter -->
<testsuite hostname="MCKL-7604-T" failures="0" tests="13" name="testNgWithoutSocial.TC_5_1_J4U_TOWN_ONE_OFFER" time="269.006" errors="0" timestamp="2023-11-28T11:51:37 IST" skipped="0">
  <testcase classname="testNgWithoutSocial.TC_5_1_J4U_TOWN_ONE_OFFER" name="One" time="23.544"/>
  <system-out/>
  <testcase classname="testNgWithoutSocial.TC_5_1_J4U_TOWN_ONE_OFFER" name="Two" time="28.122"/>
  <system-out/>
  <testcase classname="testNgWithoutSocial.TC_5_1_J4U_TOWN_ONE_OFFER" name="Three" time="28.278"/>
  <system-out/>
  <testcase classname="testNgWithoutSocial.TC_5_1_J4U_TOWN_ONE_OFFER" name="Four" time="18.956"/>
  <system-out/>
  <testcase classname="testNgWithoutSocial.TC_5_1_J4U_TOWN_ONE_OFFER" name="Five" time="18.914"/>
  <system-out/>
  <testcase classname="testNgWithoutSocial.TC_5_1_J4U_TOWN_ONE_OFFER" name="Six" time="18.939"/>
  <system-out/>
  <testcase classname="testNgWithoutSocial.TC_5_1_J4U_TOWN_ONE_OFFER" name="Seven" time="18.975"/>
  <system-out/>
  <testcase classname="testNgWithoutSocial.TC_5_1_J4U_TOWN_ONE_OFFER" name="Eight" time="18.963"/>
  <system-out/>
  <testcase classname="testNgWithoutSocial.TC_5_1_J4U_TOWN_ONE_OFFER" name="Nine" time="18.844"/>
  <system-out/>
  <testcase classname="testNgWithoutSocial.TC_5_1_J4U_TOWN_ONE_OFFER" name="Ten" time="18.814"/>
  <system-out/>
  <testcase classname="testNgWithoutSocial.TC_5_1_J4U_TOWN_ONE_OFFER" name="Eleven" time="18.828"/>
  <system-out/>
  <testcase classname="testNgWithoutSocial.TC_5_1_J4U_TOWN_ONE_OFFER" name="Twelve" time="18.946"/>
  <system-out/>
  <testcase classname="testNgWithoutSocial.TC_5_1_J4U_TOWN_ONE_OFFER" name="Thirteen" time="18.883"/>
  <system-out/>
</testsuite> <!-- testNgWithoutSocial.TC_5_1_J4U_TOWN_ONE_OFFER -->
