<?xml version="1.0" encoding="UTF-8"?>
<!-- Generated by org.testng.reporters.JUnitReportReporter -->
<testsuite hostname="MCKL-7604-T" failures="0" tests="24" name="testNgWithSocial.TC_5_5_J4U_TOWN_FIVE_OFFERS" time="577.238" errors="0" timestamp="2023-11-22T16:38:42 IST" skipped="0">
  <testcase classname="testNgWithSocial.TC_5_5_J4U_TOWN_FIVE_OFFERS" name="One" time="23.361"/>
  <system-out/>
  <testcase classname="testNgWithSocial.TC_5_5_J4U_TOWN_FIVE_OFFERS" name="Two" time="27.861"/>
  <system-out/>
  <testcase classname="testNgWithSocial.TC_5_5_J4U_TOWN_FIVE_OFFERS" name="Three" time="27.855"/>
  <system-out/>
  <testcase classname="testNgWithSocial.TC_5_5_J4U_TOWN_FIVE_OFFERS" name="Fourteen" time="23.644"/>
  <system-out/>
  <testcase classname="testNgWithSocial.TC_5_5_J4U_TOWN_FIVE_OFFERS" name="Fifteen" time="27.887"/>
  <system-out/>
  <testcase classname="testNgWithSocial.TC_5_5_J4U_TOWN_FIVE_OFFERS" name="Sixteen" time="27.920"/>
  <system-out/>
  <testcase classname="testNgWithSocial.TC_5_5_J4U_TOWN_FIVE_OFFERS" name="OneOne" time="23.349"/>
  <system-out/>
  <testcase classname="testNgWithSocial.TC_5_5_J4U_TOWN_FIVE_OFFERS" name="TwoTwo" time="27.882"/>
  <system-out/>
  <testcase classname="testNgWithSocial.TC_5_5_J4U_TOWN_FIVE_OFFERS" name="ThreeThree" time="31.053"/>
  <system-out/>
  <testcase classname="testNgWithSocial.TC_5_5_J4U_TOWN_FIVE_OFFERS" name="FiveFourOne" time="23.314"/>
  <system-out/>
  <testcase classname="testNgWithSocial.TC_5_5_J4U_TOWN_FIVE_OFFERS" name="FiveFour" time="27.891"/>
  <system-out/>
  <testcase classname="testNgWithSocial.TC_5_5_J4U_TOWN_FIVE_OFFERS" name="FiveFourTwo" time="27.936"/>
  <system-out/>
  <testcase classname="testNgWithSocial.TC_5_5_J4U_TOWN_FIVE_OFFERS" name="FiveFive" time="23.359"/>
  <system-out/>
  <testcase classname="testNgWithSocial.TC_5_5_J4U_TOWN_FIVE_OFFERS" name="FiveFiveTwo" time="28.038"/>
  <system-out/>
  <testcase classname="testNgWithSocial.TC_5_5_J4U_TOWN_FIVE_OFFERS" name="FiveFiveTwoTwo" time="27.918"/>
  <system-out/>
  <testcase classname="testNgWithSocial.TC_5_5_J4U_TOWN_FIVE_OFFERS" name="Four" time="18.768"/>
  <system-out/>
  <testcase classname="testNgWithSocial.TC_5_5_J4U_TOWN_FIVE_OFFERS" name="Eight" time="18.811"/>
  <system-out/>
  <testcase classname="testNgWithSocial.TC_5_5_J4U_TOWN_FIVE_OFFERS" name="Nine" time="18.723"/>
  <system-out/>
  <testcase classname="testNgWithSocial.TC_5_5_J4U_TOWN_FIVE_OFFERS" name="Ten" time="18.810"/>
  <system-out/>
  <testcase classname="testNgWithSocial.TC_5_5_J4U_TOWN_FIVE_OFFERS" name="Eleven" time="18.776"/>
  <system-out/>
  <testcase classname="testNgWithSocial.TC_5_5_J4U_TOWN_FIVE_OFFERS" name="Twelve" time="18.753"/>
  <system-out/>
  <testcase classname="testNgWithSocial.TC_5_5_J4U_TOWN_FIVE_OFFERS" name="Thirteen" time="18.706"/>
  <system-out/>
  <testcase classname="testNgWithSocial.TC_5_5_J4U_TOWN_FIVE_OFFERS" name="PaymentInvalid" time="23.316"/>
  <system-out/>
  <testcase classname="testNgWithSocial.TC_5_5_J4U_TOWN_FIVE_OFFERS" name="PaymentInvalidOne" time="23.307"/>
  <system-out/>
</testsuite> <!-- testNgWithSocial.TC_5_5_J4U_TOWN_FIVE_OFFERS -->
