<?xml version="1.0" encoding="UTF-8"?>
<!-- Generated by org.testng.reporters.JUnitReportReporter -->
<testsuite hostname="MCKL-7604-T" failures="0" tests="8" name="testNgWithSocial.TC_7_3_MY_REWARDS_SAG_WITH_PAGINATION" time="202.088" errors="0" timestamp="2023-11-23T23:32:22 IST" skipped="0">
  <testcase classname="testNgWithSocial.TC_7_3_MY_REWARDS_SAG_WITH_PAGINATION" name="SAGOfferInfo" time="28.962"/>
  <system-out/>
  <testcase classname="testNgWithSocial.TC_7_3_MY_REWARDS_SAG_WITH_PAGINATION" name="SAGOfferOptOut" time="24.180"/>
  <system-out/>
  <testcase classname="testNgWithSocial.TC_7_3_MY_REWARDS_SAG_WITH_PAGINATION" name="SAGInvalidSelectionThree" time="24.121"/>
  <system-out/>
  <testcase classname="testNgWithSocial.TC_7_3_MY_REWARDS_SAG_WITH_PAGINATION" name="SAGInvalidSelectionFour" time="24.125"/>
  <system-out/>
  <testcase classname="testNgWithSocial.TC_7_3_MY_REWARDS_SAG_WITH_PAGINATION" name="SAGInvalidSelectionFive" time="24.339"/>
  <system-out/>
  <testcase classname="testNgWithSocial.TC_7_3_MY_REWARDS_SAG_WITH_PAGINATION" name="SAGInvalidSelectionHash" time="27.240"/>
  <system-out/>
  <testcase classname="testNgWithSocial.TC_7_3_MY_REWARDS_SAG_WITH_PAGINATION" name="SAGInvalidSelectionAsterisk" time="24.418"/>
  <system-out/>
  <testcase classname="testNgWithSocial.TC_7_3_MY_REWARDS_SAG_WITH_PAGINATION" name="SAGInvalidSelectionZero" time="24.703"/>
  <system-out/>
</testsuite> <!-- testNgWithSocial.TC_7_3_MY_REWARDS_SAG_WITH_PAGINATION -->
