<?xml version="1.0" encoding="UTF-8"?>
<!-- Generated by org.testng.reporters.JUnitReportReporter -->
<testsuite hostname="MCKL-7604-T" failures="0" tests="24" name="testNGAutomation.TC_J4U_TOWN_OFFER_ONLY_FIVE_OFFER" time="577.794" errors="0" timestamp="2023-11-27T14:28:08 IST" skipped="0">
  <testcase classname="testNGAutomation.TC_J4U_TOWN_OFFER_ONLY_FIVE_OFFER" name="One" time="23.379"/>
  <system-out/>
  <testcase classname="testNGAutomation.TC_J4U_TOWN_OFFER_ONLY_FIVE_OFFER" name="Two" time="27.996"/>
  <system-out/>
  <testcase classname="testNGAutomation.TC_J4U_TOWN_OFFER_ONLY_FIVE_OFFER" name="Three" time="29.499"/>
  <system-out/>
  <testcase classname="testNGAutomation.TC_J4U_TOWN_OFFER_ONLY_FIVE_OFFER" name="Fourteen" time="24.318"/>
  <system-out/>
  <testcase classname="testNGAutomation.TC_J4U_TOWN_OFFER_ONLY_FIVE_OFFER" name="Fifteen" time="27.962"/>
  <system-out/>
  <testcase classname="testNGAutomation.TC_J4U_TOWN_OFFER_ONLY_FIVE_OFFER" name="Sixteen" time="27.984"/>
  <system-out/>
  <testcase classname="testNGAutomation.TC_J4U_TOWN_OFFER_ONLY_FIVE_OFFER" name="OneOne" time="23.436"/>
  <system-out/>
  <testcase classname="testNGAutomation.TC_J4U_TOWN_OFFER_ONLY_FIVE_OFFER" name="TwoTwo" time="27.995"/>
  <system-out/>
  <testcase classname="testNGAutomation.TC_J4U_TOWN_OFFER_ONLY_FIVE_OFFER" name="ThreeThree" time="28.027"/>
  <system-out/>
  <testcase classname="testNGAutomation.TC_J4U_TOWN_OFFER_ONLY_FIVE_OFFER" name="FiveFourOne" time="23.379"/>
  <system-out/>
  <testcase classname="testNGAutomation.TC_J4U_TOWN_OFFER_ONLY_FIVE_OFFER" name="FiveFour" time="28.135"/>
  <system-out/>
  <testcase classname="testNGAutomation.TC_J4U_TOWN_OFFER_ONLY_FIVE_OFFER" name="FiveFourTwo" time="27.964"/>
  <system-out/>
  <testcase classname="testNGAutomation.TC_J4U_TOWN_OFFER_ONLY_FIVE_OFFER" name="FiveFive" time="23.394"/>
  <system-out/>
  <testcase classname="testNGAutomation.TC_J4U_TOWN_OFFER_ONLY_FIVE_OFFER" name="FiveFiveTwo" time="28.013"/>
  <system-out/>
  <testcase classname="testNGAutomation.TC_J4U_TOWN_OFFER_ONLY_FIVE_OFFER" name="FiveFiveTwoTwo" time="28.047"/>
  <system-out/>
  <testcase classname="testNGAutomation.TC_J4U_TOWN_OFFER_ONLY_FIVE_OFFER" name="Four" time="18.796"/>
  <system-out/>
  <testcase classname="testNGAutomation.TC_J4U_TOWN_OFFER_ONLY_FIVE_OFFER" name="Eight" time="18.789"/>
  <system-out/>
  <testcase classname="testNGAutomation.TC_J4U_TOWN_OFFER_ONLY_FIVE_OFFER" name="Nine" time="18.785"/>
  <system-out/>
  <testcase classname="testNGAutomation.TC_J4U_TOWN_OFFER_ONLY_FIVE_OFFER" name="Ten" time="18.801"/>
  <system-out/>
  <testcase classname="testNGAutomation.TC_J4U_TOWN_OFFER_ONLY_FIVE_OFFER" name="Eleven" time="18.770"/>
  <system-out/>
  <testcase classname="testNGAutomation.TC_J4U_TOWN_OFFER_ONLY_FIVE_OFFER" name="Twelve" time="18.789"/>
  <system-out/>
  <testcase classname="testNGAutomation.TC_J4U_TOWN_OFFER_ONLY_FIVE_OFFER" name="Thirteen" time="18.781"/>
  <system-out/>
  <testcase classname="testNGAutomation.TC_J4U_TOWN_OFFER_ONLY_FIVE_OFFER" name="PaymentInvalid" time="23.413"/>
  <system-out/>
  <testcase classname="testNGAutomation.TC_J4U_TOWN_OFFER_ONLY_FIVE_OFFER" name="PaymentInvalidOne" time="23.342"/>
  <system-out/>
</testsuite> <!-- testNGAutomation.TC_J4U_TOWN_OFFER_ONLY_FIVE_OFFER -->
