<?xml version="1.0" encoding="UTF-8"?>
<!-- Generated by org.testng.reporters.JUnitReportReporter -->
<testsuite hostname="MCKL-7604-T" failures="0" tests="17" name="testNGAutomation.TC_J4U_VOICE_DATA_INTEGRATED" time="406.953" errors="0" timestamp="2023-11-21T09:26:03 IST" skipped="0">
  <testcase classname="testNGAutomation.TC_J4U_VOICE_DATA_INTEGRATED" name="VoiceFirstAirtime" time="24.440"/>
  <system-out/>
  <testcase classname="testNGAutomation.TC_J4U_VOICE_DATA_INTEGRATED" name="VoiceFirstMpesaUSD" time="28.757"/>
  <system-out/>
  <testcase classname="testNGAutomation.TC_J4U_VOICE_DATA_INTEGRATED" name="VoiceFirstMpesaCDF" time="28.928"/>
  <system-out/>
  <testcase classname="testNGAutomation.TC_J4U_VOICE_DATA_INTEGRATED" name="VoiceSecondAirtime" time="25.377"/>
  <system-out/>
  <testcase classname="testNGAutomation.TC_J4U_VOICE_DATA_INTEGRATED" name="VoiceSecondMpesaUSD" time="29.689"/>
  <system-out/>
  <testcase classname="testNGAutomation.TC_J4U_VOICE_DATA_INTEGRATED" name="VoiceSecondMpesaCDF" time="29.081"/>
  <system-out/>
  <testcase classname="testNGAutomation.TC_J4U_VOICE_DATA_INTEGRATED" name="VoiceThirdAirtime" time="24.980"/>
  <system-out/>
  <testcase classname="testNGAutomation.TC_J4U_VOICE_DATA_INTEGRATED" name="VoiceThirdMpesaUSD" time="28.771"/>
  <system-out/>
  <testcase classname="testNGAutomation.TC_J4U_VOICE_DATA_INTEGRATED" name="VoiceThirdMpesaCDF" time="28.870"/>
  <system-out/>
  <testcase classname="testNGAutomation.TC_J4U_VOICE_DATA_INTEGRATED" name="VoiceFirstInvalid" time="20.171"/>
  <system-out/>
  <testcase classname="testNGAutomation.TC_J4U_VOICE_DATA_INTEGRATED" name="VoiceFirstInvalidFive" time="19.731"/>
  <system-out/>
  <testcase classname="testNGAutomation.TC_J4U_VOICE_DATA_INTEGRATED" name="VoiceFirstInvalidSix" time="19.504"/>
  <system-out/>
  <testcase classname="testNGAutomation.TC_J4U_VOICE_DATA_INTEGRATED" name="VoiceFirstInvalidSeven" time="19.792"/>
  <system-out/>
  <testcase classname="testNGAutomation.TC_J4U_VOICE_DATA_INTEGRATED" name="VoiceFirstInvalidEight" time="20.009"/>
  <system-out/>
  <testcase classname="testNGAutomation.TC_J4U_VOICE_DATA_INTEGRATED" name="VoiceFirstInvalidAsterisk" time="19.861"/>
  <system-out/>
  <testcase classname="testNGAutomation.TC_J4U_VOICE_DATA_INTEGRATED" name="VoiceFirstInvalidHash" time="19.247"/>
  <system-out/>
  <testcase classname="testNGAutomation.TC_J4U_VOICE_DATA_INTEGRATED" name="VoiceFirstInvalidZero" time="19.745"/>
  <system-out/>
</testsuite> <!-- testNGAutomation.TC_J4U_VOICE_DATA_INTEGRATED -->
