<?xml version="1.0" encoding="UTF-8"?>
<!-- Generated by org.testng.reporters.JUnitReportReporter -->
<testsuite hostname="MCKL-7604-T" failures="0" tests="8" name="testNGAutomation.TC_J4U_TOWN_ALL_5_AIRTIME_ACTIVATION" time="78.046" errors="0" timestamp="2023-11-17T23:38:15 IST" skipped="0">
  <testcase classname="testNGAutomation.TC_J4U_TOWN_ALL_5_AIRTIME_ACTIVATION" name="Two" time="9.914"/>
  <system-out/>
  <testcase classname="testNGAutomation.TC_J4U_TOWN_ALL_5_AIRTIME_ACTIVATION" name="Two" time="9.792"/>
  <system-out/>
  <testcase classname="testNGAutomation.TC_J4U_TOWN_ALL_5_AIRTIME_ACTIVATION" name="Two" time="9.807"/>
  <system-out/>
  <testcase classname="testNGAutomation.TC_J4U_TOWN_ALL_5_AIRTIME_ACTIVATION" name="Two" time="9.742"/>
  <system-out/>
  <testcase classname="testNGAutomation.TC_J4U_TOWN_ALL_5_AIRTIME_ACTIVATION" name="Two" time="10.621"/>
  <system-out/>
  <testcase classname="testNGAutomation.TC_J4U_TOWN_ALL_5_AIRTIME_ACTIVATION" name="Two" time="9.378"/>
  <system-out/>
  <testcase classname="testNGAutomation.TC_J4U_TOWN_ALL_5_AIRTIME_ACTIVATION" name="Two" time="9.443"/>
  <system-out/>
  <testcase classname="testNGAutomation.TC_J4U_TOWN_ALL_5_AIRTIME_ACTIVATION" name="Two" time="9.349"/>
  <system-out/>
</testsuite> <!-- testNGAutomation.TC_J4U_TOWN_ALL_5_AIRTIME_ACTIVATION -->
