<?xml version="1.0" encoding="UTF-8"?>
<!-- Generated by org.testng.reporters.JUnitReportReporter -->
<testsuite hostname="MCKL-7604-T" failures="0" tests="5" name="testNGAutomation.TC_J4U_TOWN_NO_OFFERS" time="72.890" errors="0" timestamp="2023-11-21T00:20:26 IST" skipped="0">
  <testcase classname="testNGAutomation.TC_J4U_TOWN_NO_OFFERS" name="NoOffers" time="14.726"/>
  <system-out/>
  <testcase classname="testNGAutomation.TC_J4U_TOWN_NO_OFFERS" name="NoOffers" time="14.802"/>
  <system-out/>
  <testcase classname="testNGAutomation.TC_J4U_TOWN_NO_OFFERS" name="NoOffers" time="14.495"/>
  <system-out/>
  <testcase classname="testNGAutomation.TC_J4U_TOWN_NO_OFFERS" name="NoOffers" time="14.477"/>
  <system-out/>
  <testcase classname="testNGAutomation.TC_J4U_TOWN_NO_OFFERS" name="NoOffers" time="14.390"/>
  <system-out/>
</testsuite> <!-- testNGAutomation.TC_J4U_TOWN_NO_OFFERS -->
