<?xml version="1.0" encoding="UTF-8"?>
<!-- Generated by org.testng.reporters.JUnitReportReporter -->
<testsuite hostname="MCKL-7604-T" failures="0" tests="12" name="testNgWithoutSocial.AllSubmenu_without_Social_Pagination" time="287.568" errors="0" timestamp="2023-11-24T18:45:11 IST" skipped="0">
  <testcase classname="testNgWithoutSocial.AllSubmenu_without_Social_Pagination" name="ZeroMorning" time="19.157"/>
  <system-out/>
  <testcase classname="testNgWithoutSocial.AllSubmenu_without_Social_Pagination" name="OneVoiceConsentDecline" time="28.127"/>
  <system-out/>
  <testcase classname="testNgWithoutSocial.AllSubmenu_without_Social_Pagination" name="OneVoiceAirtime" time="28.059"/>
  <system-out/>
  <testcase classname="testNgWithoutSocial.AllSubmenu_without_Social_Pagination" name="TwoDataAirtime" time="23.521"/>
  <system-out/>
  <testcase classname="testNgWithoutSocial.AllSubmenu_without_Social_Pagination" name="ThreeIntegratedAirtime" time="23.509"/>
  <system-out/>
  <testcase classname="testNgWithoutSocial.AllSubmenu_without_Social_Pagination" name="HourlyAirtime" time="23.901"/>
  <system-out/>
  <testcase classname="testNgWithoutSocial.AllSubmenu_without_Social_Pagination" name="VoiceSecondMpesaCDF" time="23.554"/>
  <system-out/>
  <testcase classname="testNgWithoutSocial.AllSubmenu_without_Social_Pagination" name="SevenRAG" time="23.420"/>
  <system-out/>
  <testcase classname="testNgWithoutSocial.AllSubmenu_without_Social_Pagination" name="SevenPED" time="23.542"/>
  <system-out/>
  <testcase classname="testNgWithoutSocial.AllSubmenu_without_Social_Pagination" name="SevenSAG" time="23.482"/>
  <system-out/>
  <testcase classname="testNgWithoutSocial.AllSubmenu_without_Social_Pagination" name="OptOutDecline" time="23.624"/>
  <system-out/>
  <testcase classname="testNgWithoutSocial.AllSubmenu_without_Social_Pagination" name="OptOutAccept" time="23.672"/>
  <system-out/>
</testsuite> <!-- testNgWithoutSocial.AllSubmenu_without_Social_Pagination -->
