<?xml version="1.0" encoding="UTF-8"?>
<!-- Generated by org.testng.reporters.JUnitReportReporter -->
<testsuite hostname="MCKL-7604-T" failures="0" tests="1" name="testNGAutomation.TC_J4U_TOWN_OFFER_ONLY_TWO_OFFERS" time="24.696" errors="0" timestamp="2023-11-20T22:31:09 IST" skipped="0">
  <testcase classname="testNGAutomation.TC_J4U_TOWN_OFFER_ONLY_TWO_OFFERS" name="PaymentInvalid" time="24.696"/>
  <system-out/>
</testsuite> <!-- testNGAutomation.TC_J4U_TOWN_OFFER_ONLY_TWO_OFFERS -->
